2023-12-10 01:10:45.189  INFO 2280 --- [main] e.u.e.c.CommunicationApplication         : Starting CommunicationApplication using Java 17.0.5 on DESKTOP-0N811RM with PID 2280 (C:\Users\Jordi\Documents\precio-justo-backend\tfg-spring-communication\target\classes started by Jordi in C:\Users\Jordi\Documents\precio-justo-backend)
2023-12-10 01:10:45.200  INFO 2280 --- [main] e.u.e.c.CommunicationApplication         : No active profile set, falling back to default profiles: default
2023-12-10 01:10:46.688  INFO 2280 --- [main] .s.d.r.c.RepositoryConfigurationDelegate : Bootstrapping Spring Data JPA repositories in DEFAULT mode.
2023-12-10 01:10:46.826  INFO 2280 --- [main] .s.d.r.c.RepositoryConfigurationDelegate : Finished Spring Data repository scanning in 105 ms. Found 2 JPA repository interfaces.
2023-12-10 01:10:47.887  INFO 2280 --- [main] o.s.b.w.embedded.tomcat.TomcatWebServer  : Tomcat initialized with port(s): 18082 (http)
2023-12-10 01:10:47.907  INFO 2280 --- [main] o.apache.catalina.core.StandardService   : Starting service [Tomcat]
2023-12-10 01:10:47.907  INFO 2280 --- [main] org.apache.catalina.core.StandardEngine  : Starting Servlet engine: [Apache Tomcat/9.0.56]
2023-12-10 01:10:48.127  INFO 2280 --- [main] o.a.c.c.C.[Tomcat].[localhost].[/]       : Initializing Spring embedded WebApplicationContext
2023-12-10 01:10:48.128  INFO 2280 --- [main] w.s.c.ServletWebServerApplicationContext : Root WebApplicationContext: initialization completed in 2801 ms
2023-12-10 01:10:48.348  INFO 2280 --- [main] o.hibernate.jpa.internal.util.LogHelper  : HHH000204: Processing PersistenceUnitInfo [name: default]
2023-12-10 01:10:48.523  INFO 2280 --- [main] org.hibernate.Version                    : HHH000412: Hibernate ORM core version 5.6.4.Final
2023-12-10 01:10:48.757  INFO 2280 --- [main] o.hibernate.annotations.common.Version   : HCANN000001: Hibernate Commons Annotations {5.1.2.Final}
2023-12-10 01:10:48.923  INFO 2280 --- [main] com.zaxxer.hikari.HikariDataSource       : HikariPool-1 - Starting...
2023-12-10 01:10:49.325  INFO 2280 --- [main] com.zaxxer.hikari.HikariDataSource       : HikariPool-1 - Start completed.
2023-12-10 01:10:49.357  INFO 2280 --- [main] org.hibernate.dialect.Dialect            : HHH000400: Using dialect: org.hibernate.dialect.PostgreSQL10Dialect
2023-12-10 01:10:50.411  INFO 2280 --- [main] o.h.e.t.j.p.i.JtaPlatformInitiator       : HHH000490: Using JtaPlatform implementation: [org.hibernate.engine.transaction.jta.platform.internal.NoJtaPlatform]
2023-12-10 01:10:50.423  INFO 2280 --- [main] j.LocalContainerEntityManagerFactoryBean : Initialized JPA EntityManagerFactory for persistence unit 'default'
2023-12-10 01:10:51.490  WARN 2280 --- [main] JpaBaseConfiguration$JpaWebConfiguration : spring.jpa.open-in-view is enabled by default. Therefore, database queries may be performed during view rendering. Explicitly configure spring.jpa.open-in-view to disable this warning
2023-12-10 01:10:52.791  INFO 2280 --- [main] o.a.k.clients.consumer.ConsumerConfig    : ConsumerConfig values: 
	allow.auto.create.topics = true
	auto.commit.interval.ms = 5000
	auto.offset.reset = latest
	bootstrap.servers = [localhost:19092]
	check.crcs = true
	client.dns.lookup = use_all_dns_ips
	client.id = consumer-group-2-1
	client.rack = 
	connections.max.idle.ms = 540000
	default.api.timeout.ms = 60000
	enable.auto.commit = false
	exclude.internal.topics = true
	fetch.max.bytes = 52428800
	fetch.max.wait.ms = 500
	fetch.min.bytes = 1
	group.id = group-2
	group.instance.id = null
	heartbeat.interval.ms = 3000
	interceptor.classes = []
	internal.leave.group.on.close = true
	internal.throw.on.fetch.stable.offset.unsupported = false
	isolation.level = read_uncommitted
	key.deserializer = class org.apache.kafka.common.serialization.StringDeserializer
	max.partition.fetch.bytes = 1048576
	max.poll.interval.ms = 300000
	max.poll.records = 500
	metadata.max.age.ms = 300000
	metric.reporters = []
	metrics.num.samples = 2
	metrics.recording.level = INFO
	metrics.sample.window.ms = 30000
	partition.assignment.strategy = [class org.apache.kafka.clients.consumer.RangeAssignor, class org.apache.kafka.clients.consumer.CooperativeStickyAssignor]
	receive.buffer.bytes = 65536
	reconnect.backoff.max.ms = 1000
	reconnect.backoff.ms = 50
	request.timeout.ms = 30000
	retry.backoff.ms = 100
	sasl.client.callback.handler.class = null
	sasl.jaas.config = null
	sasl.kerberos.kinit.cmd = /usr/bin/kinit
	sasl.kerberos.min.time.before.relogin = 60000
	sasl.kerberos.service.name = null
	sasl.kerberos.ticket.renew.jitter = 0.05
	sasl.kerberos.ticket.renew.window.factor = 0.8
	sasl.login.callback.handler.class = null
	sasl.login.class = null
	sasl.login.refresh.buffer.seconds = 300
	sasl.login.refresh.min.period.seconds = 60
	sasl.login.refresh.window.factor = 0.8
	sasl.login.refresh.window.jitter = 0.05
	sasl.mechanism = GSSAPI
	security.protocol = PLAINTEXT
	security.providers = null
	send.buffer.bytes = 131072
	session.timeout.ms = 45000
	socket.connection.setup.timeout.max.ms = 30000
	socket.connection.setup.timeout.ms = 10000
	ssl.cipher.suites = null
	ssl.enabled.protocols = [TLSv1.2, TLSv1.3]
	ssl.endpoint.identification.algorithm = https
	ssl.engine.factory.class = null
	ssl.key.password = null
	ssl.keymanager.algorithm = SunX509
	ssl.keystore.certificate.chain = null
	ssl.keystore.key = null
	ssl.keystore.location = null
	ssl.keystore.password = null
	ssl.keystore.type = JKS
	ssl.protocol = TLSv1.3
	ssl.provider = null
	ssl.secure.random.implementation = null
	ssl.trustmanager.algorithm = PKIX
	ssl.truststore.certificates = null
	ssl.truststore.location = null
	ssl.truststore.password = null
	ssl.truststore.type = JKS
	value.deserializer = class org.springframework.kafka.support.serializer.JsonDeserializer

2023-12-10 01:10:52.961  INFO 2280 --- [main] o.a.kafka.common.utils.AppInfoParser     : Kafka version: 3.0.0
2023-12-10 01:10:52.961  INFO 2280 --- [main] o.a.kafka.common.utils.AppInfoParser     : Kafka commitId: 8cb0a5e9d3441962
2023-12-10 01:10:52.961  INFO 2280 --- [main] o.a.kafka.common.utils.AppInfoParser     : Kafka startTimeMs: 1702167052954
2023-12-10 01:10:52.978  INFO 2280 --- [main] o.a.k.clients.consumer.KafkaConsumer     : [Consumer clientId=consumer-group-2-1, groupId=group-2] Subscribed to topic(s): property.deleted
2023-12-10 01:10:52.996  INFO 2280 --- [main] o.a.k.clients.consumer.ConsumerConfig    : ConsumerConfig values: 
	allow.auto.create.topics = true
	auto.commit.interval.ms = 5000
	auto.offset.reset = latest
	bootstrap.servers = [localhost:19092]
	check.crcs = true
	client.dns.lookup = use_all_dns_ips
	client.id = consumer-group-1-2
	client.rack = 
	connections.max.idle.ms = 540000
	default.api.timeout.ms = 60000
	enable.auto.commit = false
	exclude.internal.topics = true
	fetch.max.bytes = 52428800
	fetch.max.wait.ms = 500
	fetch.min.bytes = 1
	group.id = group-1
	group.instance.id = null
	heartbeat.interval.ms = 3000
	interceptor.classes = []
	internal.leave.group.on.close = true
	internal.throw.on.fetch.stable.offset.unsupported = false
	isolation.level = read_uncommitted
	key.deserializer = class org.apache.kafka.common.serialization.StringDeserializer
	max.partition.fetch.bytes = 1048576
	max.poll.interval.ms = 300000
	max.poll.records = 500
	metadata.max.age.ms = 300000
	metric.reporters = []
	metrics.num.samples = 2
	metrics.recording.level = INFO
	metrics.sample.window.ms = 30000
	partition.assignment.strategy = [class org.apache.kafka.clients.consumer.RangeAssignor, class org.apache.kafka.clients.consumer.CooperativeStickyAssignor]
	receive.buffer.bytes = 65536
	reconnect.backoff.max.ms = 1000
	reconnect.backoff.ms = 50
	request.timeout.ms = 30000
	retry.backoff.ms = 100
	sasl.client.callback.handler.class = null
	sasl.jaas.config = null
	sasl.kerberos.kinit.cmd = /usr/bin/kinit
	sasl.kerberos.min.time.before.relogin = 60000
	sasl.kerberos.service.name = null
	sasl.kerberos.ticket.renew.jitter = 0.05
	sasl.kerberos.ticket.renew.window.factor = 0.8
	sasl.login.callback.handler.class = null
	sasl.login.class = null
	sasl.login.refresh.buffer.seconds = 300
	sasl.login.refresh.min.period.seconds = 60
	sasl.login.refresh.window.factor = 0.8
	sasl.login.refresh.window.jitter = 0.05
	sasl.mechanism = GSSAPI
	security.protocol = PLAINTEXT
	security.providers = null
	send.buffer.bytes = 131072
	session.timeout.ms = 45000
	socket.connection.setup.timeout.max.ms = 30000
	socket.connection.setup.timeout.ms = 10000
	ssl.cipher.suites = null
	ssl.enabled.protocols = [TLSv1.2, TLSv1.3]
	ssl.endpoint.identification.algorithm = https
	ssl.engine.factory.class = null
	ssl.key.password = null
	ssl.keymanager.algorithm = SunX509
	ssl.keystore.certificate.chain = null
	ssl.keystore.key = null
	ssl.keystore.location = null
	ssl.keystore.password = null
	ssl.keystore.type = JKS
	ssl.protocol = TLSv1.3
	ssl.provider = null
	ssl.secure.random.implementation = null
	ssl.trustmanager.algorithm = PKIX
	ssl.truststore.certificates = null
	ssl.truststore.location = null
	ssl.truststore.password = null
	ssl.truststore.type = JKS
	value.deserializer = class org.springframework.kafka.support.serializer.JsonDeserializer

2023-12-10 01:10:53.006  INFO 2280 --- [main] o.a.kafka.common.utils.AppInfoParser     : Kafka version: 3.0.0
2023-12-10 01:10:53.007  INFO 2280 --- [main] o.a.kafka.common.utils.AppInfoParser     : Kafka commitId: 8cb0a5e9d3441962
2023-12-10 01:10:53.008  INFO 2280 --- [main] o.a.kafka.common.utils.AppInfoParser     : Kafka startTimeMs: 1702167053006
2023-12-10 01:10:53.008  INFO 2280 --- [main] o.a.k.clients.consumer.KafkaConsumer     : [Consumer clientId=consumer-group-1-2, groupId=group-1] Subscribed to topic(s): users.add
2023-12-10 01:10:53.010  INFO 2280 --- [main] o.a.k.clients.consumer.ConsumerConfig    : ConsumerConfig values: 
	allow.auto.create.topics = true
	auto.commit.interval.ms = 5000
	auto.offset.reset = latest
	bootstrap.servers = [localhost:19092]
	check.crcs = true
	client.dns.lookup = use_all_dns_ips
	client.id = consumer-group-2-3
	client.rack = 
	connections.max.idle.ms = 540000
	default.api.timeout.ms = 60000
	enable.auto.commit = false
	exclude.internal.topics = true
	fetch.max.bytes = 52428800
	fetch.max.wait.ms = 500
	fetch.min.bytes = 1
	group.id = group-2
	group.instance.id = null
	heartbeat.interval.ms = 3000
	interceptor.classes = []
	internal.leave.group.on.close = true
	internal.throw.on.fetch.stable.offset.unsupported = false
	isolation.level = read_uncommitted
	key.deserializer = class org.apache.kafka.common.serialization.StringDeserializer
	max.partition.fetch.bytes = 1048576
	max.poll.interval.ms = 300000
	max.poll.records = 500
	metadata.max.age.ms = 300000
	metric.reporters = []
	metrics.num.samples = 2
	metrics.recording.level = INFO
	metrics.sample.window.ms = 30000
	partition.assignment.strategy = [class org.apache.kafka.clients.consumer.RangeAssignor, class org.apache.kafka.clients.consumer.CooperativeStickyAssignor]
	receive.buffer.bytes = 65536
	reconnect.backoff.max.ms = 1000
	reconnect.backoff.ms = 50
	request.timeout.ms = 30000
	retry.backoff.ms = 100
	sasl.client.callback.handler.class = null
	sasl.jaas.config = null
	sasl.kerberos.kinit.cmd = /usr/bin/kinit
	sasl.kerberos.min.time.before.relogin = 60000
	sasl.kerberos.service.name = null
	sasl.kerberos.ticket.renew.jitter = 0.05
	sasl.kerberos.ticket.renew.window.factor = 0.8
	sasl.login.callback.handler.class = null
	sasl.login.class = null
	sasl.login.refresh.buffer.seconds = 300
	sasl.login.refresh.min.period.seconds = 60
	sasl.login.refresh.window.factor = 0.8
	sasl.login.refresh.window.jitter = 0.05
	sasl.mechanism = GSSAPI
	security.protocol = PLAINTEXT
	security.providers = null
	send.buffer.bytes = 131072
	session.timeout.ms = 45000
	socket.connection.setup.timeout.max.ms = 30000
	socket.connection.setup.timeout.ms = 10000
	ssl.cipher.suites = null
	ssl.enabled.protocols = [TLSv1.2, TLSv1.3]
	ssl.endpoint.identification.algorithm = https
	ssl.engine.factory.class = null
	ssl.key.password = null
	ssl.keymanager.algorithm = SunX509
	ssl.keystore.certificate.chain = null
	ssl.keystore.key = null
	ssl.keystore.location = null
	ssl.keystore.password = null
	ssl.keystore.type = JKS
	ssl.protocol = TLSv1.3
	ssl.provider = null
	ssl.secure.random.implementation = null
	ssl.trustmanager.algorithm = PKIX
	ssl.truststore.certificates = null
	ssl.truststore.location = null
	ssl.truststore.password = null
	ssl.truststore.type = JKS
	value.deserializer = class org.springframework.kafka.support.serializer.JsonDeserializer

2023-12-10 01:10:53.018  INFO 2280 --- [main] o.a.kafka.common.utils.AppInfoParser     : Kafka version: 3.0.0
2023-12-10 01:10:53.019  INFO 2280 --- [main] o.a.kafka.common.utils.AppInfoParser     : Kafka commitId: 8cb0a5e9d3441962
2023-12-10 01:10:53.019  INFO 2280 --- [main] o.a.kafka.common.utils.AppInfoParser     : Kafka startTimeMs: 1702167053018
2023-12-10 01:10:53.020  INFO 2280 --- [main] o.a.k.clients.consumer.KafkaConsumer     : [Consumer clientId=consumer-group-2-3, groupId=group-2] Subscribed to topic(s): property.change
2023-12-10 01:10:53.034  INFO 2280 --- [main] o.a.k.clients.consumer.ConsumerConfig    : ConsumerConfig values: 
	allow.auto.create.topics = true
	auto.commit.interval.ms = 5000
	auto.offset.reset = latest
	bootstrap.servers = [localhost:19092]
	check.crcs = true
	client.dns.lookup = use_all_dns_ips
	client.id = consumer-group-2-4
	client.rack = 
	connections.max.idle.ms = 540000
	default.api.timeout.ms = 60000
	enable.auto.commit = false
	exclude.internal.topics = true
	fetch.max.bytes = 52428800
	fetch.max.wait.ms = 500
	fetch.min.bytes = 1
	group.id = group-2
	group.instance.id = null
	heartbeat.interval.ms = 3000
	interceptor.classes = []
	internal.leave.group.on.close = true
	internal.throw.on.fetch.stable.offset.unsupported = false
	isolation.level = read_uncommitted
	key.deserializer = class org.apache.kafka.common.serialization.StringDeserializer
	max.partition.fetch.bytes = 1048576
	max.poll.interval.ms = 300000
	max.poll.records = 500
	metadata.max.age.ms = 300000
	metric.reporters = []
	metrics.num.samples = 2
	metrics.recording.level = INFO
	metrics.sample.window.ms = 30000
	partition.assignment.strategy = [class org.apache.kafka.clients.consumer.RangeAssignor, class org.apache.kafka.clients.consumer.CooperativeStickyAssignor]
	receive.buffer.bytes = 65536
	reconnect.backoff.max.ms = 1000
	reconnect.backoff.ms = 50
	request.timeout.ms = 30000
	retry.backoff.ms = 100
	sasl.client.callback.handler.class = null
	sasl.jaas.config = null
	sasl.kerberos.kinit.cmd = /usr/bin/kinit
	sasl.kerberos.min.time.before.relogin = 60000
	sasl.kerberos.service.name = null
	sasl.kerberos.ticket.renew.jitter = 0.05
	sasl.kerberos.ticket.renew.window.factor = 0.8
	sasl.login.callback.handler.class = null
	sasl.login.class = null
	sasl.login.refresh.buffer.seconds = 300
	sasl.login.refresh.min.period.seconds = 60
	sasl.login.refresh.window.factor = 0.8
	sasl.login.refresh.window.jitter = 0.05
	sasl.mechanism = GSSAPI
	security.protocol = PLAINTEXT
	security.providers = null
	send.buffer.bytes = 131072
	session.timeout.ms = 45000
	socket.connection.setup.timeout.max.ms = 30000
	socket.connection.setup.timeout.ms = 10000
	ssl.cipher.suites = null
	ssl.enabled.protocols = [TLSv1.2, TLSv1.3]
	ssl.endpoint.identification.algorithm = https
	ssl.engine.factory.class = null
	ssl.key.password = null
	ssl.keymanager.algorithm = SunX509
	ssl.keystore.certificate.chain = null
	ssl.keystore.key = null
	ssl.keystore.location = null
	ssl.keystore.password = null
	ssl.keystore.type = JKS
	ssl.protocol = TLSv1.3
	ssl.provider = null
	ssl.secure.random.implementation = null
	ssl.trustmanager.algorithm = PKIX
	ssl.truststore.certificates = null
	ssl.truststore.location = null
	ssl.truststore.password = null
	ssl.truststore.type = JKS
	value.deserializer = class org.springframework.kafka.support.serializer.JsonDeserializer

2023-12-10 01:10:53.044  INFO 2280 --- [main] o.a.kafka.common.utils.AppInfoParser     : Kafka version: 3.0.0
2023-12-10 01:10:53.044  INFO 2280 --- [main] o.a.kafka.common.utils.AppInfoParser     : Kafka commitId: 8cb0a5e9d3441962
2023-12-10 01:10:53.045  INFO 2280 --- [main] o.a.kafka.common.utils.AppInfoParser     : Kafka startTimeMs: 1702167053044
2023-12-10 01:10:53.045  INFO 2280 --- [main] o.a.k.clients.consumer.KafkaConsumer     : [Consumer clientId=consumer-group-2-4, groupId=group-2] Subscribed to topic(s): property.validated
2023-12-10 01:10:53.066  INFO 2280 --- [main] o.s.b.w.embedded.tomcat.TomcatWebServer  : Tomcat started on port(s): 18082 (http) with context path ''
2023-12-10 01:10:53.082  INFO 2280 --- [main] e.u.e.c.CommunicationApplication         : Started CommunicationApplication in 8.78 seconds (JVM running for 11.706)
2023-12-10 01:10:53.574  INFO 2280 --- [org.springframework.kafka.KafkaListenerEndpointContainer#2-0-C-1] org.apache.kafka.clients.Metadata        : [Consumer clientId=consumer-group-2-1, groupId=group-2] Cluster ID: 5hHOxfIeTTqJmXHyivfT_g
2023-12-10 01:10:53.574  INFO 2280 --- [org.springframework.kafka.KafkaListenerEndpointContainer#0-0-C-1] org.apache.kafka.clients.Metadata        : [Consumer clientId=consumer-group-2-3, groupId=group-2] Cluster ID: 5hHOxfIeTTqJmXHyivfT_g
2023-12-10 01:10:53.574  INFO 2280 --- [org.springframework.kafka.KafkaListenerEndpointContainer#1-0-C-1] org.apache.kafka.clients.Metadata        : [Consumer clientId=consumer-group-2-4, groupId=group-2] Cluster ID: 5hHOxfIeTTqJmXHyivfT_g
2023-12-10 01:10:53.574  INFO 2280 --- [org.springframework.kafka.KafkaListenerEndpointContainer#3-0-C-1] org.apache.kafka.clients.Metadata        : [Consumer clientId=consumer-group-1-2, groupId=group-1] Cluster ID: 5hHOxfIeTTqJmXHyivfT_g
2023-12-10 01:10:53.577  INFO 2280 --- [org.springframework.kafka.KafkaListenerEndpointContainer#1-0-C-1] o.a.k.c.c.internals.ConsumerCoordinator  : [Consumer clientId=consumer-group-2-4, groupId=group-2] Discovered group coordinator localhost:19092 (id: 2147483646 rack: null)
2023-12-10 01:10:53.577  INFO 2280 --- [org.springframework.kafka.KafkaListenerEndpointContainer#0-0-C-1] o.a.k.c.c.internals.ConsumerCoordinator  : [Consumer clientId=consumer-group-2-3, groupId=group-2] Discovered group coordinator localhost:19092 (id: 2147483646 rack: null)
2023-12-10 01:10:53.577  INFO 2280 --- [org.springframework.kafka.KafkaListenerEndpointContainer#2-0-C-1] o.a.k.c.c.internals.ConsumerCoordinator  : [Consumer clientId=consumer-group-2-1, groupId=group-2] Discovered group coordinator localhost:19092 (id: 2147483646 rack: null)
2023-12-10 01:10:53.577  INFO 2280 --- [org.springframework.kafka.KafkaListenerEndpointContainer#3-0-C-1] o.a.k.c.c.internals.ConsumerCoordinator  : [Consumer clientId=consumer-group-1-2, groupId=group-1] Discovered group coordinator localhost:19092 (id: 2147483646 rack: null)
2023-12-10 01:10:53.580  INFO 2280 --- [org.springframework.kafka.KafkaListenerEndpointContainer#0-0-C-1] o.a.k.c.c.internals.ConsumerCoordinator  : [Consumer clientId=consumer-group-2-3, groupId=group-2] (Re-)joining group
2023-12-10 01:10:53.580  INFO 2280 --- [org.springframework.kafka.KafkaListenerEndpointContainer#1-0-C-1] o.a.k.c.c.internals.ConsumerCoordinator  : [Consumer clientId=consumer-group-2-4, groupId=group-2] (Re-)joining group
2023-12-10 01:10:53.580  INFO 2280 --- [org.springframework.kafka.KafkaListenerEndpointContainer#2-0-C-1] o.a.k.c.c.internals.ConsumerCoordinator  : [Consumer clientId=consumer-group-2-1, groupId=group-2] (Re-)joining group
2023-12-10 01:10:53.581  INFO 2280 --- [org.springframework.kafka.KafkaListenerEndpointContainer#3-0-C-1] o.a.k.c.c.internals.ConsumerCoordinator  : [Consumer clientId=consumer-group-1-2, groupId=group-1] (Re-)joining group
2023-12-10 01:10:53.610  INFO 2280 --- [org.springframework.kafka.KafkaListenerEndpointContainer#3-0-C-1] o.a.k.c.c.internals.ConsumerCoordinator  : [Consumer clientId=consumer-group-1-2, groupId=group-1] Request joining group due to: need to re-join with the given member-id
2023-12-10 01:10:53.611  INFO 2280 --- [org.springframework.kafka.KafkaListenerEndpointContainer#3-0-C-1] o.a.k.c.c.internals.ConsumerCoordinator  : [Consumer clientId=consumer-group-1-2, groupId=group-1] (Re-)joining group
2023-12-10 01:10:53.612  INFO 2280 --- [org.springframework.kafka.KafkaListenerEndpointContainer#2-0-C-1] o.a.k.c.c.internals.ConsumerCoordinator  : [Consumer clientId=consumer-group-2-1, groupId=group-2] Request joining group due to: need to re-join with the given member-id
2023-12-10 01:10:53.612  INFO 2280 --- [org.springframework.kafka.KafkaListenerEndpointContainer#2-0-C-1] o.a.k.c.c.internals.ConsumerCoordinator  : [Consumer clientId=consumer-group-2-1, groupId=group-2] (Re-)joining group
2023-12-10 01:10:53.617  INFO 2280 --- [org.springframework.kafka.KafkaListenerEndpointContainer#1-0-C-1] o.a.k.c.c.internals.ConsumerCoordinator  : [Consumer clientId=consumer-group-2-4, groupId=group-2] Request joining group due to: need to re-join with the given member-id
2023-12-10 01:10:53.617  INFO 2280 --- [org.springframework.kafka.KafkaListenerEndpointContainer#0-0-C-1] o.a.k.c.c.internals.ConsumerCoordinator  : [Consumer clientId=consumer-group-2-3, groupId=group-2] Request joining group due to: need to re-join with the given member-id
2023-12-10 01:10:53.618  INFO 2280 --- [org.springframework.kafka.KafkaListenerEndpointContainer#1-0-C-1] o.a.k.c.c.internals.ConsumerCoordinator  : [Consumer clientId=consumer-group-2-4, groupId=group-2] (Re-)joining group
2023-12-10 01:10:53.618  INFO 2280 --- [org.springframework.kafka.KafkaListenerEndpointContainer#0-0-C-1] o.a.k.c.c.internals.ConsumerCoordinator  : [Consumer clientId=consumer-group-2-3, groupId=group-2] (Re-)joining group
2023-12-10 01:10:56.625  INFO 2280 --- [org.springframework.kafka.KafkaListenerEndpointContainer#3-0-C-1] o.a.k.c.c.internals.ConsumerCoordinator  : [Consumer clientId=consumer-group-1-2, groupId=group-1] Successfully joined group with generation Generation{generationId=380, memberId='consumer-group-1-2-288344b1-d521-410b-a975-f93e175de372', protocol='range'}
2023-12-10 01:10:56.629  INFO 2280 --- [org.springframework.kafka.KafkaListenerEndpointContainer#3-0-C-1] o.a.k.c.c.internals.ConsumerCoordinator  : [Consumer clientId=consumer-group-1-2, groupId=group-1] Finished assignment for group at generation 380: {consumer-group-1-2-288344b1-d521-410b-a975-f93e175de372=Assignment(partitions=[users.add-0])}
2023-12-10 01:10:56.637  INFO 2280 --- [org.springframework.kafka.KafkaListenerEndpointContainer#1-0-C-1] o.a.k.c.c.internals.ConsumerCoordinator  : [Consumer clientId=consumer-group-2-4, groupId=group-2] Successfully joined group with generation Generation{generationId=63, memberId='consumer-group-2-4-035bd504-098c-4a03-9053-c8919f5b508e', protocol='range'}
2023-12-10 01:10:56.637  INFO 2280 --- [org.springframework.kafka.KafkaListenerEndpointContainer#2-0-C-1] o.a.k.c.c.internals.ConsumerCoordinator  : [Consumer clientId=consumer-group-2-1, groupId=group-2] Successfully joined group with generation Generation{generationId=63, memberId='consumer-group-2-1-477ebd6d-016f-47f1-93df-5c59ace4f2b7', protocol='range'}
2023-12-10 01:10:56.637  INFO 2280 --- [org.springframework.kafka.KafkaListenerEndpointContainer#0-0-C-1] o.a.k.c.c.internals.ConsumerCoordinator  : [Consumer clientId=consumer-group-2-3, groupId=group-2] Successfully joined group with generation Generation{generationId=63, memberId='consumer-group-2-3-bfa2a2da-241d-4c6c-bfe6-f055f348f611', protocol='range'}
2023-12-10 01:10:56.654  INFO 2280 --- [org.springframework.kafka.KafkaListenerEndpointContainer#3-0-C-1] o.a.k.c.c.internals.ConsumerCoordinator  : [Consumer clientId=consumer-group-1-2, groupId=group-1] Successfully synced group in generation Generation{generationId=380, memberId='consumer-group-1-2-288344b1-d521-410b-a975-f93e175de372', protocol='range'}
2023-12-10 01:10:56.655  INFO 2280 --- [org.springframework.kafka.KafkaListenerEndpointContainer#3-0-C-1] o.a.k.c.c.internals.ConsumerCoordinator  : [Consumer clientId=consumer-group-1-2, groupId=group-1] Notifying assignor about the new Assignment(partitions=[users.add-0])
2023-12-10 01:10:56.658  INFO 2280 --- [org.springframework.kafka.KafkaListenerEndpointContainer#3-0-C-1] o.a.k.c.c.internals.ConsumerCoordinator  : [Consumer clientId=consumer-group-1-2, groupId=group-1] Adding newly assigned partitions: users.add-0
2023-12-10 01:10:56.686  INFO 2280 --- [org.springframework.kafka.KafkaListenerEndpointContainer#2-0-C-1] o.a.k.c.c.internals.ConsumerCoordinator  : [Consumer clientId=consumer-group-2-1, groupId=group-2] Finished assignment for group at generation 63: {consumer-group-2-1-477ebd6d-016f-47f1-93df-5c59ace4f2b7=Assignment(partitions=[property.deleted-0]), consumer-group-2-3-bfa2a2da-241d-4c6c-bfe6-f055f348f611=Assignment(partitions=[property.change-0]), consumer-group-2-4-035bd504-098c-4a03-9053-c8919f5b508e=Assignment(partitions=[property.validated-0])}
2023-12-10 01:10:56.693  INFO 2280 --- [org.springframework.kafka.KafkaListenerEndpointContainer#3-0-C-1] o.a.k.c.c.internals.ConsumerCoordinator  : [Consumer clientId=consumer-group-1-2, groupId=group-1] Setting offset for partition users.add-0 to the committed offset FetchPosition{offset=21, offsetEpoch=Optional.empty, currentLeader=LeaderAndEpoch{leader=Optional[localhost:19092 (id: 1 rack: null)], epoch=0}}
2023-12-10 01:10:56.694  INFO 2280 --- [org.springframework.kafka.KafkaListenerEndpointContainer#3-0-C-1] o.s.k.l.KafkaMessageListenerContainer    : group-1: partitions assigned: [users.add-0]
2023-12-10 01:10:56.727  INFO 2280 --- [org.springframework.kafka.KafkaListenerEndpointContainer#2-0-C-1] o.a.k.c.c.internals.ConsumerCoordinator  : [Consumer clientId=consumer-group-2-1, groupId=group-2] Successfully synced group in generation Generation{generationId=63, memberId='consumer-group-2-1-477ebd6d-016f-47f1-93df-5c59ace4f2b7', protocol='range'}
2023-12-10 01:10:56.727  INFO 2280 --- [org.springframework.kafka.KafkaListenerEndpointContainer#2-0-C-1] o.a.k.c.c.internals.ConsumerCoordinator  : [Consumer clientId=consumer-group-2-1, groupId=group-2] Notifying assignor about the new Assignment(partitions=[property.deleted-0])
2023-12-10 01:10:56.728  INFO 2280 --- [org.springframework.kafka.KafkaListenerEndpointContainer#2-0-C-1] o.a.k.c.c.internals.ConsumerCoordinator  : [Consumer clientId=consumer-group-2-1, groupId=group-2] Adding newly assigned partitions: property.deleted-0
2023-12-10 01:10:56.728  INFO 2280 --- [org.springframework.kafka.KafkaListenerEndpointContainer#1-0-C-1] o.a.k.c.c.internals.ConsumerCoordinator  : [Consumer clientId=consumer-group-2-4, groupId=group-2] Successfully synced group in generation Generation{generationId=63, memberId='consumer-group-2-4-035bd504-098c-4a03-9053-c8919f5b508e', protocol='range'}
2023-12-10 01:10:56.729  INFO 2280 --- [org.springframework.kafka.KafkaListenerEndpointContainer#1-0-C-1] o.a.k.c.c.internals.ConsumerCoordinator  : [Consumer clientId=consumer-group-2-4, groupId=group-2] Notifying assignor about the new Assignment(partitions=[property.validated-0])
2023-12-10 01:10:56.729  INFO 2280 --- [org.springframework.kafka.KafkaListenerEndpointContainer#1-0-C-1] o.a.k.c.c.internals.ConsumerCoordinator  : [Consumer clientId=consumer-group-2-4, groupId=group-2] Adding newly assigned partitions: property.validated-0
2023-12-10 01:10:56.730  INFO 2280 --- [org.springframework.kafka.KafkaListenerEndpointContainer#0-0-C-1] o.a.k.c.c.internals.ConsumerCoordinator  : [Consumer clientId=consumer-group-2-3, groupId=group-2] Successfully synced group in generation Generation{generationId=63, memberId='consumer-group-2-3-bfa2a2da-241d-4c6c-bfe6-f055f348f611', protocol='range'}
2023-12-10 01:10:56.731  INFO 2280 --- [org.springframework.kafka.KafkaListenerEndpointContainer#0-0-C-1] o.a.k.c.c.internals.ConsumerCoordinator  : [Consumer clientId=consumer-group-2-3, groupId=group-2] Notifying assignor about the new Assignment(partitions=[property.change-0])
2023-12-10 01:10:56.731  INFO 2280 --- [org.springframework.kafka.KafkaListenerEndpointContainer#0-0-C-1] o.a.k.c.c.internals.ConsumerCoordinator  : [Consumer clientId=consumer-group-2-3, groupId=group-2] Adding newly assigned partitions: property.change-0
2023-12-10 01:10:56.749  INFO 2280 --- [org.springframework.kafka.KafkaListenerEndpointContainer#0-0-C-1] o.a.k.c.c.internals.ConsumerCoordinator  : [Consumer clientId=consumer-group-2-3, groupId=group-2] Setting offset for partition property.change-0 to the committed offset FetchPosition{offset=0, offsetEpoch=Optional.empty, currentLeader=LeaderAndEpoch{leader=Optional[localhost:19092 (id: 1 rack: null)], epoch=0}}
2023-12-10 01:10:56.750  INFO 2280 --- [org.springframework.kafka.KafkaListenerEndpointContainer#0-0-C-1] o.s.k.l.KafkaMessageListenerContainer    : group-2: partitions assigned: [property.change-0]
2023-12-10 01:10:56.751  INFO 2280 --- [org.springframework.kafka.KafkaListenerEndpointContainer#1-0-C-1] o.a.k.c.c.internals.ConsumerCoordinator  : [Consumer clientId=consumer-group-2-4, groupId=group-2] Setting offset for partition property.validated-0 to the committed offset FetchPosition{offset=10, offsetEpoch=Optional.empty, currentLeader=LeaderAndEpoch{leader=Optional[localhost:19092 (id: 1 rack: null)], epoch=0}}
2023-12-10 01:10:56.752  INFO 2280 --- [org.springframework.kafka.KafkaListenerEndpointContainer#1-0-C-1] o.s.k.l.KafkaMessageListenerContainer    : group-2: partitions assigned: [property.validated-0]
2023-12-10 01:10:56.763  INFO 2280 --- [org.springframework.kafka.KafkaListenerEndpointContainer#2-0-C-1] o.a.k.c.c.internals.ConsumerCoordinator  : [Consumer clientId=consumer-group-2-1, groupId=group-2] Setting offset for partition property.deleted-0 to the committed offset FetchPosition{offset=1, offsetEpoch=Optional.empty, currentLeader=LeaderAndEpoch{leader=Optional[localhost:19092 (id: 1 rack: null)], epoch=0}}
2023-12-10 01:10:56.764  INFO 2280 --- [org.springframework.kafka.KafkaListenerEndpointContainer#2-0-C-1] o.s.k.l.KafkaMessageListenerContainer    : group-2: partitions assigned: [property.deleted-0]
2023-12-10 02:00:01.246  INFO 2280 --- [org.springframework.kafka.KafkaListenerEndpointContainer#3-0-C-1] o.a.k.c.c.internals.ConsumerCoordinator  : [Consumer clientId=consumer-group-1-2, groupId=group-1] Revoke previously assigned partitions users.add-0
2023-12-10 02:00:01.246  INFO 2280 --- [org.springframework.kafka.KafkaListenerEndpointContainer#0-0-C-1] o.a.k.c.c.internals.ConsumerCoordinator  : [Consumer clientId=consumer-group-2-3, groupId=group-2] Revoke previously assigned partitions property.change-0
2023-12-10 02:00:01.246  INFO 2280 --- [org.springframework.kafka.KafkaListenerEndpointContainer#1-0-C-1] o.a.k.c.c.internals.ConsumerCoordinator  : [Consumer clientId=consumer-group-2-4, groupId=group-2] Revoke previously assigned partitions property.validated-0
2023-12-10 02:00:01.246  INFO 2280 --- [org.springframework.kafka.KafkaListenerEndpointContainer#2-0-C-1] o.a.k.c.c.internals.ConsumerCoordinator  : [Consumer clientId=consumer-group-2-1, groupId=group-2] Revoke previously assigned partitions property.deleted-0
2023-12-10 02:00:01.263  INFO 2280 --- [org.springframework.kafka.KafkaListenerEndpointContainer#3-0-C-1] o.s.k.l.KafkaMessageListenerContainer    : group-1: partitions revoked: [users.add-0]
2023-12-10 02:00:01.264  INFO 2280 --- [org.springframework.kafka.KafkaListenerEndpointContainer#2-0-C-1] o.s.k.l.KafkaMessageListenerContainer    : group-2: partitions revoked: [property.deleted-0]
2023-12-10 02:00:01.264  INFO 2280 --- [org.springframework.kafka.KafkaListenerEndpointContainer#0-0-C-1] o.s.k.l.KafkaMessageListenerContainer    : group-2: partitions revoked: [property.change-0]
2023-12-10 02:00:01.264  INFO 2280 --- [org.springframework.kafka.KafkaListenerEndpointContainer#1-0-C-1] o.s.k.l.KafkaMessageListenerContainer    : group-2: partitions revoked: [property.validated-0]
2023-12-10 02:00:01.268  INFO 2280 --- [org.springframework.kafka.KafkaListenerEndpointContainer#0-0-C-1] o.a.k.c.c.internals.ConsumerCoordinator  : [Consumer clientId=consumer-group-2-3, groupId=group-2] Member consumer-group-2-3-bfa2a2da-241d-4c6c-bfe6-f055f348f611 sending LeaveGroup request to coordinator localhost:19092 (id: 2147483646 rack: null) due to the consumer unsubscribed from all topics
2023-12-10 02:00:01.268  INFO 2280 --- [org.springframework.kafka.KafkaListenerEndpointContainer#2-0-C-1] o.a.k.c.c.internals.ConsumerCoordinator  : [Consumer clientId=consumer-group-2-1, groupId=group-2] Member consumer-group-2-1-477ebd6d-016f-47f1-93df-5c59ace4f2b7 sending LeaveGroup request to coordinator localhost:19092 (id: 2147483646 rack: null) due to the consumer unsubscribed from all topics
2023-12-10 02:00:01.268  INFO 2280 --- [org.springframework.kafka.KafkaListenerEndpointContainer#3-0-C-1] o.a.k.c.c.internals.ConsumerCoordinator  : [Consumer clientId=consumer-group-1-2, groupId=group-1] Member consumer-group-1-2-288344b1-d521-410b-a975-f93e175de372 sending LeaveGroup request to coordinator localhost:19092 (id: 2147483646 rack: null) due to the consumer unsubscribed from all topics
2023-12-10 02:00:01.270  INFO 2280 --- [org.springframework.kafka.KafkaListenerEndpointContainer#1-0-C-1] o.a.k.c.c.internals.ConsumerCoordinator  : [Consumer clientId=consumer-group-2-4, groupId=group-2] Member consumer-group-2-4-035bd504-098c-4a03-9053-c8919f5b508e sending LeaveGroup request to coordinator localhost:19092 (id: 2147483646 rack: null) due to the consumer unsubscribed from all topics
2023-12-10 02:00:01.285  INFO 2280 --- [org.springframework.kafka.KafkaListenerEndpointContainer#0-0-C-1] o.a.k.c.c.internals.ConsumerCoordinator  : [Consumer clientId=consumer-group-2-3, groupId=group-2] Resetting generation due to: consumer pro-actively leaving the group
2023-12-10 02:00:01.285  INFO 2280 --- [org.springframework.kafka.KafkaListenerEndpointContainer#1-0-C-1] o.a.k.c.c.internals.ConsumerCoordinator  : [Consumer clientId=consumer-group-2-4, groupId=group-2] Resetting generation due to: consumer pro-actively leaving the group
2023-12-10 02:00:01.285  INFO 2280 --- [org.springframework.kafka.KafkaListenerEndpointContainer#3-0-C-1] o.a.k.c.c.internals.ConsumerCoordinator  : [Consumer clientId=consumer-group-1-2, groupId=group-1] Resetting generation due to: consumer pro-actively leaving the group
2023-12-10 02:00:01.285  INFO 2280 --- [org.springframework.kafka.KafkaListenerEndpointContainer#0-0-C-1] o.a.k.c.c.internals.ConsumerCoordinator  : [Consumer clientId=consumer-group-2-3, groupId=group-2] Request joining group due to: consumer pro-actively leaving the group
2023-12-10 02:00:01.285  INFO 2280 --- [org.springframework.kafka.KafkaListenerEndpointContainer#1-0-C-1] o.a.k.c.c.internals.ConsumerCoordinator  : [Consumer clientId=consumer-group-2-4, groupId=group-2] Request joining group due to: consumer pro-actively leaving the group
2023-12-10 02:00:01.287  INFO 2280 --- [org.springframework.kafka.KafkaListenerEndpointContainer#3-0-C-1] o.a.k.c.c.internals.ConsumerCoordinator  : [Consumer clientId=consumer-group-1-2, groupId=group-1] Request joining group due to: consumer pro-actively leaving the group
2023-12-10 02:00:01.288  INFO 2280 --- [org.springframework.kafka.KafkaListenerEndpointContainer#1-0-C-1] o.a.k.clients.consumer.KafkaConsumer     : [Consumer clientId=consumer-group-2-4, groupId=group-2] Unsubscribed all topics or patterns and assigned partitions
2023-12-10 02:00:01.288  INFO 2280 --- [org.springframework.kafka.KafkaListenerEndpointContainer#3-0-C-1] o.a.k.clients.consumer.KafkaConsumer     : [Consumer clientId=consumer-group-1-2, groupId=group-1] Unsubscribed all topics or patterns and assigned partitions
2023-12-10 02:00:01.288  INFO 2280 --- [org.springframework.kafka.KafkaListenerEndpointContainer#0-0-C-1] o.a.k.clients.consumer.KafkaConsumer     : [Consumer clientId=consumer-group-2-3, groupId=group-2] Unsubscribed all topics or patterns and assigned partitions
2023-12-10 02:00:01.289  INFO 2280 --- [org.springframework.kafka.KafkaListenerEndpointContainer#2-0-C-1] o.a.k.c.c.internals.ConsumerCoordinator  : [Consumer clientId=consumer-group-2-1, groupId=group-2] Resetting generation due to: consumer pro-actively leaving the group
2023-12-10 02:00:01.290  INFO 2280 --- [org.springframework.kafka.KafkaListenerEndpointContainer#2-0-C-1] o.a.k.c.c.internals.ConsumerCoordinator  : [Consumer clientId=consumer-group-2-1, groupId=group-2] Request joining group due to: consumer pro-actively leaving the group
2023-12-10 02:00:01.290  INFO 2280 --- [org.springframework.kafka.KafkaListenerEndpointContainer#2-0-C-1] o.a.k.clients.consumer.KafkaConsumer     : [Consumer clientId=consumer-group-2-1, groupId=group-2] Unsubscribed all topics or patterns and assigned partitions
2023-12-10 02:00:01.290  INFO 2280 --- [org.springframework.kafka.KafkaListenerEndpointContainer#3-0-C-1] o.a.k.c.c.internals.ConsumerCoordinator  : [Consumer clientId=consumer-group-1-2, groupId=group-1] Resetting generation due to: consumer pro-actively leaving the group
2023-12-10 02:00:01.290  INFO 2280 --- [org.springframework.kafka.KafkaListenerEndpointContainer#3-0-C-1] o.a.k.c.c.internals.ConsumerCoordinator  : [Consumer clientId=consumer-group-1-2, groupId=group-1] Request joining group due to: consumer pro-actively leaving the group
2023-12-10 02:00:01.290  INFO 2280 --- [org.springframework.kafka.KafkaListenerEndpointContainer#1-0-C-1] o.a.k.c.c.internals.ConsumerCoordinator  : [Consumer clientId=consumer-group-2-4, groupId=group-2] Resetting generation due to: consumer pro-actively leaving the group
2023-12-10 02:00:01.291  INFO 2280 --- [org.springframework.kafka.KafkaListenerEndpointContainer#0-0-C-1] o.a.k.c.c.internals.ConsumerCoordinator  : [Consumer clientId=consumer-group-2-3, groupId=group-2] Resetting generation due to: consumer pro-actively leaving the group
2023-12-10 02:00:01.291  INFO 2280 --- [org.springframework.kafka.KafkaListenerEndpointContainer#2-0-C-1] o.a.k.c.c.internals.ConsumerCoordinator  : [Consumer clientId=consumer-group-2-1, groupId=group-2] Resetting generation due to: consumer pro-actively leaving the group
2023-12-10 02:00:01.291  INFO 2280 --- [org.springframework.kafka.KafkaListenerEndpointContainer#0-0-C-1] o.a.k.c.c.internals.ConsumerCoordinator  : [Consumer clientId=consumer-group-2-3, groupId=group-2] Request joining group due to: consumer pro-actively leaving the group
2023-12-10 02:00:01.291  INFO 2280 --- [org.springframework.kafka.KafkaListenerEndpointContainer#2-0-C-1] o.a.k.c.c.internals.ConsumerCoordinator  : [Consumer clientId=consumer-group-2-1, groupId=group-2] Request joining group due to: consumer pro-actively leaving the group
2023-12-10 02:00:01.290  INFO 2280 --- [org.springframework.kafka.KafkaListenerEndpointContainer#1-0-C-1] o.a.k.c.c.internals.ConsumerCoordinator  : [Consumer clientId=consumer-group-2-4, groupId=group-2] Request joining group due to: consumer pro-actively leaving the group
2023-12-10 02:00:01.335  INFO 2280 --- [org.springframework.kafka.KafkaListenerEndpointContainer#0-0-C-1] org.apache.kafka.common.metrics.Metrics  : Metrics scheduler closed
2023-12-10 02:00:01.335  INFO 2280 --- [org.springframework.kafka.KafkaListenerEndpointContainer#1-0-C-1] org.apache.kafka.common.metrics.Metrics  : Metrics scheduler closed
2023-12-10 02:00:01.335  INFO 2280 --- [org.springframework.kafka.KafkaListenerEndpointContainer#1-0-C-1] org.apache.kafka.common.metrics.Metrics  : Closing reporter org.apache.kafka.common.metrics.JmxReporter
2023-12-10 02:00:01.335  INFO 2280 --- [org.springframework.kafka.KafkaListenerEndpointContainer#0-0-C-1] org.apache.kafka.common.metrics.Metrics  : Closing reporter org.apache.kafka.common.metrics.JmxReporter
2023-12-10 02:00:01.335  INFO 2280 --- [org.springframework.kafka.KafkaListenerEndpointContainer#1-0-C-1] org.apache.kafka.common.metrics.Metrics  : Metrics reporters closed
2023-12-10 02:00:01.336  INFO 2280 --- [org.springframework.kafka.KafkaListenerEndpointContainer#0-0-C-1] org.apache.kafka.common.metrics.Metrics  : Metrics reporters closed
2023-12-10 02:00:01.349  INFO 2280 --- [org.springframework.kafka.KafkaListenerEndpointContainer#0-0-C-1] o.a.kafka.common.utils.AppInfoParser     : App info kafka.consumer for consumer-group-2-3 unregistered
2023-12-10 02:00:01.350  INFO 2280 --- [org.springframework.kafka.KafkaListenerEndpointContainer#1-0-C-1] o.a.kafka.common.utils.AppInfoParser     : App info kafka.consumer for consumer-group-2-4 unregistered
2023-12-10 02:00:01.352  INFO 2280 --- [org.springframework.kafka.KafkaListenerEndpointContainer#1-0-C-1] o.s.k.l.KafkaMessageListenerContainer    : group-2: Consumer stopped
2023-12-10 02:00:01.353  INFO 2280 --- [org.springframework.kafka.KafkaListenerEndpointContainer#0-0-C-1] o.s.k.l.KafkaMessageListenerContainer    : group-2: Consumer stopped
2023-12-10 02:00:01.410  INFO 2280 --- [org.springframework.kafka.KafkaListenerEndpointContainer#3-0-C-1] org.apache.kafka.common.metrics.Metrics  : Metrics scheduler closed
2023-12-10 02:00:01.410  INFO 2280 --- [org.springframework.kafka.KafkaListenerEndpointContainer#2-0-C-1] org.apache.kafka.common.metrics.Metrics  : Metrics scheduler closed
2023-12-10 02:00:01.410  INFO 2280 --- [org.springframework.kafka.KafkaListenerEndpointContainer#3-0-C-1] org.apache.kafka.common.metrics.Metrics  : Closing reporter org.apache.kafka.common.metrics.JmxReporter
2023-12-10 02:00:01.410  INFO 2280 --- [org.springframework.kafka.KafkaListenerEndpointContainer#2-0-C-1] org.apache.kafka.common.metrics.Metrics  : Closing reporter org.apache.kafka.common.metrics.JmxReporter
2023-12-10 02:00:01.410  INFO 2280 --- [org.springframework.kafka.KafkaListenerEndpointContainer#3-0-C-1] org.apache.kafka.common.metrics.Metrics  : Metrics reporters closed
2023-12-10 02:00:01.410  INFO 2280 --- [org.springframework.kafka.KafkaListenerEndpointContainer#2-0-C-1] org.apache.kafka.common.metrics.Metrics  : Metrics reporters closed
2023-12-10 02:00:01.420  INFO 2280 --- [org.springframework.kafka.KafkaListenerEndpointContainer#3-0-C-1] o.a.kafka.common.utils.AppInfoParser     : App info kafka.consumer for consumer-group-1-2 unregistered
2023-12-10 02:00:01.421  INFO 2280 --- [org.springframework.kafka.KafkaListenerEndpointContainer#2-0-C-1] o.a.kafka.common.utils.AppInfoParser     : App info kafka.consumer for consumer-group-2-1 unregistered
2023-12-10 02:00:01.421  INFO 2280 --- [org.springframework.kafka.KafkaListenerEndpointContainer#3-0-C-1] o.s.k.l.KafkaMessageListenerContainer    : group-1: Consumer stopped
2023-12-10 02:00:01.422  INFO 2280 --- [org.springframework.kafka.KafkaListenerEndpointContainer#2-0-C-1] o.s.k.l.KafkaMessageListenerContainer    : group-2: Consumer stopped
2023-12-10 02:00:01.501  INFO 2280 --- [SpringApplicationShutdownHook] j.LocalContainerEntityManagerFactoryBean : Closing JPA EntityManagerFactory for persistence unit 'default'
2023-12-10 02:00:01.585  INFO 2280 --- [SpringApplicationShutdownHook] com.zaxxer.hikari.HikariDataSource       : HikariPool-1 - Shutdown initiated...
2023-12-10 02:00:01.657  INFO 2280 --- [SpringApplicationShutdownHook] com.zaxxer.hikari.HikariDataSource       : HikariPool-1 - Shutdown completed.
2023-12-10 09:41:29.560  INFO 17504 --- [main] e.u.e.c.CommunicationApplication         : Starting CommunicationApplication using Java 17.0.5 on DESKTOP-0N811RM with PID 17504 (C:\Users\Jordi\Documents\precio-justo-backend\tfg-spring-communication\target\classes started by Jordi in C:\Users\Jordi\Documents\precio-justo-backend)
2023-12-10 09:41:29.564  INFO 17504 --- [main] e.u.e.c.CommunicationApplication         : No active profile set, falling back to default profiles: default
2023-12-10 09:41:30.775  INFO 17504 --- [main] .s.d.r.c.RepositoryConfigurationDelegate : Bootstrapping Spring Data JPA repositories in DEFAULT mode.
2023-12-10 09:41:30.886  INFO 17504 --- [main] .s.d.r.c.RepositoryConfigurationDelegate : Finished Spring Data repository scanning in 92 ms. Found 2 JPA repository interfaces.
2023-12-10 09:41:31.989  INFO 17504 --- [main] o.s.b.w.embedded.tomcat.TomcatWebServer  : Tomcat initialized with port(s): 18082 (http)
2023-12-10 09:41:32.006  INFO 17504 --- [main] o.apache.catalina.core.StandardService   : Starting service [Tomcat]
2023-12-10 09:41:32.007  INFO 17504 --- [main] org.apache.catalina.core.StandardEngine  : Starting Servlet engine: [Apache Tomcat/9.0.56]
2023-12-10 09:41:32.190  INFO 17504 --- [main] o.a.c.c.C.[Tomcat].[localhost].[/]       : Initializing Spring embedded WebApplicationContext
2023-12-10 09:41:32.191  INFO 17504 --- [main] w.s.c.ServletWebServerApplicationContext : Root WebApplicationContext: initialization completed in 2559 ms
2023-12-10 09:41:32.436  INFO 17504 --- [main] o.hibernate.jpa.internal.util.LogHelper  : HHH000204: Processing PersistenceUnitInfo [name: default]
2023-12-10 09:41:32.517  INFO 17504 --- [main] org.hibernate.Version                    : HHH000412: Hibernate ORM core version 5.6.4.Final
2023-12-10 09:41:32.719  INFO 17504 --- [main] o.hibernate.annotations.common.Version   : HCANN000001: Hibernate Commons Annotations {5.1.2.Final}
2023-12-10 09:41:32.872  INFO 17504 --- [main] com.zaxxer.hikari.HikariDataSource       : HikariPool-1 - Starting...
2023-12-10 09:41:33.211  INFO 17504 --- [main] com.zaxxer.hikari.HikariDataSource       : HikariPool-1 - Start completed.
2023-12-10 09:41:33.246  INFO 17504 --- [main] org.hibernate.dialect.Dialect            : HHH000400: Using dialect: org.hibernate.dialect.PostgreSQL10Dialect
2023-12-10 09:41:34.549  INFO 17504 --- [main] o.h.e.t.j.p.i.JtaPlatformInitiator       : HHH000490: Using JtaPlatform implementation: [org.hibernate.engine.transaction.jta.platform.internal.NoJtaPlatform]
2023-12-10 09:41:34.562  INFO 17504 --- [main] j.LocalContainerEntityManagerFactoryBean : Initialized JPA EntityManagerFactory for persistence unit 'default'
2023-12-10 09:41:35.518  WARN 17504 --- [main] JpaBaseConfiguration$JpaWebConfiguration : spring.jpa.open-in-view is enabled by default. Therefore, database queries may be performed during view rendering. Explicitly configure spring.jpa.open-in-view to disable this warning
2023-12-10 09:41:36.928  INFO 17504 --- [main] o.a.k.clients.consumer.ConsumerConfig    : ConsumerConfig values: 
	allow.auto.create.topics = true
	auto.commit.interval.ms = 5000
	auto.offset.reset = latest
	bootstrap.servers = [localhost:19092]
	check.crcs = true
	client.dns.lookup = use_all_dns_ips
	client.id = consumer-group-2-1
	client.rack = 
	connections.max.idle.ms = 540000
	default.api.timeout.ms = 60000
	enable.auto.commit = false
	exclude.internal.topics = true
	fetch.max.bytes = 52428800
	fetch.max.wait.ms = 500
	fetch.min.bytes = 1
	group.id = group-2
	group.instance.id = null
	heartbeat.interval.ms = 3000
	interceptor.classes = []
	internal.leave.group.on.close = true
	internal.throw.on.fetch.stable.offset.unsupported = false
	isolation.level = read_uncommitted
	key.deserializer = class org.apache.kafka.common.serialization.StringDeserializer
	max.partition.fetch.bytes = 1048576
	max.poll.interval.ms = 300000
	max.poll.records = 500
	metadata.max.age.ms = 300000
	metric.reporters = []
	metrics.num.samples = 2
	metrics.recording.level = INFO
	metrics.sample.window.ms = 30000
	partition.assignment.strategy = [class org.apache.kafka.clients.consumer.RangeAssignor, class org.apache.kafka.clients.consumer.CooperativeStickyAssignor]
	receive.buffer.bytes = 65536
	reconnect.backoff.max.ms = 1000
	reconnect.backoff.ms = 50
	request.timeout.ms = 30000
	retry.backoff.ms = 100
	sasl.client.callback.handler.class = null
	sasl.jaas.config = null
	sasl.kerberos.kinit.cmd = /usr/bin/kinit
	sasl.kerberos.min.time.before.relogin = 60000
	sasl.kerberos.service.name = null
	sasl.kerberos.ticket.renew.jitter = 0.05
	sasl.kerberos.ticket.renew.window.factor = 0.8
	sasl.login.callback.handler.class = null
	sasl.login.class = null
	sasl.login.refresh.buffer.seconds = 300
	sasl.login.refresh.min.period.seconds = 60
	sasl.login.refresh.window.factor = 0.8
	sasl.login.refresh.window.jitter = 0.05
	sasl.mechanism = GSSAPI
	security.protocol = PLAINTEXT
	security.providers = null
	send.buffer.bytes = 131072
	session.timeout.ms = 45000
	socket.connection.setup.timeout.max.ms = 30000
	socket.connection.setup.timeout.ms = 10000
	ssl.cipher.suites = null
	ssl.enabled.protocols = [TLSv1.2, TLSv1.3]
	ssl.endpoint.identification.algorithm = https
	ssl.engine.factory.class = null
	ssl.key.password = null
	ssl.keymanager.algorithm = SunX509
	ssl.keystore.certificate.chain = null
	ssl.keystore.key = null
	ssl.keystore.location = null
	ssl.keystore.password = null
	ssl.keystore.type = JKS
	ssl.protocol = TLSv1.3
	ssl.provider = null
	ssl.secure.random.implementation = null
	ssl.trustmanager.algorithm = PKIX
	ssl.truststore.certificates = null
	ssl.truststore.location = null
	ssl.truststore.password = null
	ssl.truststore.type = JKS
	value.deserializer = class org.springframework.kafka.support.serializer.JsonDeserializer

2023-12-10 09:41:37.073  INFO 17504 --- [main] o.a.kafka.common.utils.AppInfoParser     : Kafka version: 3.0.0
2023-12-10 09:41:37.074  INFO 17504 --- [main] o.a.kafka.common.utils.AppInfoParser     : Kafka commitId: 8cb0a5e9d3441962
2023-12-10 09:41:37.074  INFO 17504 --- [main] o.a.kafka.common.utils.AppInfoParser     : Kafka startTimeMs: 1702197697070
2023-12-10 09:41:37.079  INFO 17504 --- [main] o.a.k.clients.consumer.KafkaConsumer     : [Consumer clientId=consumer-group-2-1, groupId=group-2] Subscribed to topic(s): property.validated
2023-12-10 09:41:37.103  INFO 17504 --- [main] o.a.k.clients.consumer.ConsumerConfig    : ConsumerConfig values: 
	allow.auto.create.topics = true
	auto.commit.interval.ms = 5000
	auto.offset.reset = latest
	bootstrap.servers = [localhost:19092]
	check.crcs = true
	client.dns.lookup = use_all_dns_ips
	client.id = consumer-group-1-2
	client.rack = 
	connections.max.idle.ms = 540000
	default.api.timeout.ms = 60000
	enable.auto.commit = false
	exclude.internal.topics = true
	fetch.max.bytes = 52428800
	fetch.max.wait.ms = 500
	fetch.min.bytes = 1
	group.id = group-1
	group.instance.id = null
	heartbeat.interval.ms = 3000
	interceptor.classes = []
	internal.leave.group.on.close = true
	internal.throw.on.fetch.stable.offset.unsupported = false
	isolation.level = read_uncommitted
	key.deserializer = class org.apache.kafka.common.serialization.StringDeserializer
	max.partition.fetch.bytes = 1048576
	max.poll.interval.ms = 300000
	max.poll.records = 500
	metadata.max.age.ms = 300000
	metric.reporters = []
	metrics.num.samples = 2
	metrics.recording.level = INFO
	metrics.sample.window.ms = 30000
	partition.assignment.strategy = [class org.apache.kafka.clients.consumer.RangeAssignor, class org.apache.kafka.clients.consumer.CooperativeStickyAssignor]
	receive.buffer.bytes = 65536
	reconnect.backoff.max.ms = 1000
	reconnect.backoff.ms = 50
	request.timeout.ms = 30000
	retry.backoff.ms = 100
	sasl.client.callback.handler.class = null
	sasl.jaas.config = null
	sasl.kerberos.kinit.cmd = /usr/bin/kinit
	sasl.kerberos.min.time.before.relogin = 60000
	sasl.kerberos.service.name = null
	sasl.kerberos.ticket.renew.jitter = 0.05
	sasl.kerberos.ticket.renew.window.factor = 0.8
	sasl.login.callback.handler.class = null
	sasl.login.class = null
	sasl.login.refresh.buffer.seconds = 300
	sasl.login.refresh.min.period.seconds = 60
	sasl.login.refresh.window.factor = 0.8
	sasl.login.refresh.window.jitter = 0.05
	sasl.mechanism = GSSAPI
	security.protocol = PLAINTEXT
	security.providers = null
	send.buffer.bytes = 131072
	session.timeout.ms = 45000
	socket.connection.setup.timeout.max.ms = 30000
	socket.connection.setup.timeout.ms = 10000
	ssl.cipher.suites = null
	ssl.enabled.protocols = [TLSv1.2, TLSv1.3]
	ssl.endpoint.identification.algorithm = https
	ssl.engine.factory.class = null
	ssl.key.password = null
	ssl.keymanager.algorithm = SunX509
	ssl.keystore.certificate.chain = null
	ssl.keystore.key = null
	ssl.keystore.location = null
	ssl.keystore.password = null
	ssl.keystore.type = JKS
	ssl.protocol = TLSv1.3
	ssl.provider = null
	ssl.secure.random.implementation = null
	ssl.trustmanager.algorithm = PKIX
	ssl.truststore.certificates = null
	ssl.truststore.location = null
	ssl.truststore.password = null
	ssl.truststore.type = JKS
	value.deserializer = class org.springframework.kafka.support.serializer.JsonDeserializer

2023-12-10 09:41:37.122  INFO 17504 --- [main] o.a.kafka.common.utils.AppInfoParser     : Kafka version: 3.0.0
2023-12-10 09:41:37.122  INFO 17504 --- [main] o.a.kafka.common.utils.AppInfoParser     : Kafka commitId: 8cb0a5e9d3441962
2023-12-10 09:41:37.122  INFO 17504 --- [main] o.a.kafka.common.utils.AppInfoParser     : Kafka startTimeMs: 1702197697122
2023-12-10 09:41:37.122  INFO 17504 --- [main] o.a.k.clients.consumer.KafkaConsumer     : [Consumer clientId=consumer-group-1-2, groupId=group-1] Subscribed to topic(s): users.add
2023-12-10 09:41:37.125  INFO 17504 --- [main] o.a.k.clients.consumer.ConsumerConfig    : ConsumerConfig values: 
	allow.auto.create.topics = true
	auto.commit.interval.ms = 5000
	auto.offset.reset = latest
	bootstrap.servers = [localhost:19092]
	check.crcs = true
	client.dns.lookup = use_all_dns_ips
	client.id = consumer-group-2-3
	client.rack = 
	connections.max.idle.ms = 540000
	default.api.timeout.ms = 60000
	enable.auto.commit = false
	exclude.internal.topics = true
	fetch.max.bytes = 52428800
	fetch.max.wait.ms = 500
	fetch.min.bytes = 1
	group.id = group-2
	group.instance.id = null
	heartbeat.interval.ms = 3000
	interceptor.classes = []
	internal.leave.group.on.close = true
	internal.throw.on.fetch.stable.offset.unsupported = false
	isolation.level = read_uncommitted
	key.deserializer = class org.apache.kafka.common.serialization.StringDeserializer
	max.partition.fetch.bytes = 1048576
	max.poll.interval.ms = 300000
	max.poll.records = 500
	metadata.max.age.ms = 300000
	metric.reporters = []
	metrics.num.samples = 2
	metrics.recording.level = INFO
	metrics.sample.window.ms = 30000
	partition.assignment.strategy = [class org.apache.kafka.clients.consumer.RangeAssignor, class org.apache.kafka.clients.consumer.CooperativeStickyAssignor]
	receive.buffer.bytes = 65536
	reconnect.backoff.max.ms = 1000
	reconnect.backoff.ms = 50
	request.timeout.ms = 30000
	retry.backoff.ms = 100
	sasl.client.callback.handler.class = null
	sasl.jaas.config = null
	sasl.kerberos.kinit.cmd = /usr/bin/kinit
	sasl.kerberos.min.time.before.relogin = 60000
	sasl.kerberos.service.name = null
	sasl.kerberos.ticket.renew.jitter = 0.05
	sasl.kerberos.ticket.renew.window.factor = 0.8
	sasl.login.callback.handler.class = null
	sasl.login.class = null
	sasl.login.refresh.buffer.seconds = 300
	sasl.login.refresh.min.period.seconds = 60
	sasl.login.refresh.window.factor = 0.8
	sasl.login.refresh.window.jitter = 0.05
	sasl.mechanism = GSSAPI
	security.protocol = PLAINTEXT
	security.providers = null
	send.buffer.bytes = 131072
	session.timeout.ms = 45000
	socket.connection.setup.timeout.max.ms = 30000
	socket.connection.setup.timeout.ms = 10000
	ssl.cipher.suites = null
	ssl.enabled.protocols = [TLSv1.2, TLSv1.3]
	ssl.endpoint.identification.algorithm = https
	ssl.engine.factory.class = null
	ssl.key.password = null
	ssl.keymanager.algorithm = SunX509
	ssl.keystore.certificate.chain = null
	ssl.keystore.key = null
	ssl.keystore.location = null
	ssl.keystore.password = null
	ssl.keystore.type = JKS
	ssl.protocol = TLSv1.3
	ssl.provider = null
	ssl.secure.random.implementation = null
	ssl.trustmanager.algorithm = PKIX
	ssl.truststore.certificates = null
	ssl.truststore.location = null
	ssl.truststore.password = null
	ssl.truststore.type = JKS
	value.deserializer = class org.springframework.kafka.support.serializer.JsonDeserializer

2023-12-10 09:41:37.140  INFO 17504 --- [main] o.a.kafka.common.utils.AppInfoParser     : Kafka version: 3.0.0
2023-12-10 09:41:37.141  INFO 17504 --- [main] o.a.kafka.common.utils.AppInfoParser     : Kafka commitId: 8cb0a5e9d3441962
2023-12-10 09:41:37.141  INFO 17504 --- [main] o.a.kafka.common.utils.AppInfoParser     : Kafka startTimeMs: 1702197697140
2023-12-10 09:41:37.142  INFO 17504 --- [main] o.a.k.clients.consumer.KafkaConsumer     : [Consumer clientId=consumer-group-2-3, groupId=group-2] Subscribed to topic(s): property.change
2023-12-10 09:41:37.145  INFO 17504 --- [main] o.a.k.clients.consumer.ConsumerConfig    : ConsumerConfig values: 
	allow.auto.create.topics = true
	auto.commit.interval.ms = 5000
	auto.offset.reset = latest
	bootstrap.servers = [localhost:19092]
	check.crcs = true
	client.dns.lookup = use_all_dns_ips
	client.id = consumer-group-2-4
	client.rack = 
	connections.max.idle.ms = 540000
	default.api.timeout.ms = 60000
	enable.auto.commit = false
	exclude.internal.topics = true
	fetch.max.bytes = 52428800
	fetch.max.wait.ms = 500
	fetch.min.bytes = 1
	group.id = group-2
	group.instance.id = null
	heartbeat.interval.ms = 3000
	interceptor.classes = []
	internal.leave.group.on.close = true
	internal.throw.on.fetch.stable.offset.unsupported = false
	isolation.level = read_uncommitted
	key.deserializer = class org.apache.kafka.common.serialization.StringDeserializer
	max.partition.fetch.bytes = 1048576
	max.poll.interval.ms = 300000
	max.poll.records = 500
	metadata.max.age.ms = 300000
	metric.reporters = []
	metrics.num.samples = 2
	metrics.recording.level = INFO
	metrics.sample.window.ms = 30000
	partition.assignment.strategy = [class org.apache.kafka.clients.consumer.RangeAssignor, class org.apache.kafka.clients.consumer.CooperativeStickyAssignor]
	receive.buffer.bytes = 65536
	reconnect.backoff.max.ms = 1000
	reconnect.backoff.ms = 50
	request.timeout.ms = 30000
	retry.backoff.ms = 100
	sasl.client.callback.handler.class = null
	sasl.jaas.config = null
	sasl.kerberos.kinit.cmd = /usr/bin/kinit
	sasl.kerberos.min.time.before.relogin = 60000
	sasl.kerberos.service.name = null
	sasl.kerberos.ticket.renew.jitter = 0.05
	sasl.kerberos.ticket.renew.window.factor = 0.8
	sasl.login.callback.handler.class = null
	sasl.login.class = null
	sasl.login.refresh.buffer.seconds = 300
	sasl.login.refresh.min.period.seconds = 60
	sasl.login.refresh.window.factor = 0.8
	sasl.login.refresh.window.jitter = 0.05
	sasl.mechanism = GSSAPI
	security.protocol = PLAINTEXT
	security.providers = null
	send.buffer.bytes = 131072
	session.timeout.ms = 45000
	socket.connection.setup.timeout.max.ms = 30000
	socket.connection.setup.timeout.ms = 10000
	ssl.cipher.suites = null
	ssl.enabled.protocols = [TLSv1.2, TLSv1.3]
	ssl.endpoint.identification.algorithm = https
	ssl.engine.factory.class = null
	ssl.key.password = null
	ssl.keymanager.algorithm = SunX509
	ssl.keystore.certificate.chain = null
	ssl.keystore.key = null
	ssl.keystore.location = null
	ssl.keystore.password = null
	ssl.keystore.type = JKS
	ssl.protocol = TLSv1.3
	ssl.provider = null
	ssl.secure.random.implementation = null
	ssl.trustmanager.algorithm = PKIX
	ssl.truststore.certificates = null
	ssl.truststore.location = null
	ssl.truststore.password = null
	ssl.truststore.type = JKS
	value.deserializer = class org.springframework.kafka.support.serializer.JsonDeserializer

2023-12-10 09:41:37.154  INFO 17504 --- [main] o.a.kafka.common.utils.AppInfoParser     : Kafka version: 3.0.0
2023-12-10 09:41:37.154  INFO 17504 --- [main] o.a.kafka.common.utils.AppInfoParser     : Kafka commitId: 8cb0a5e9d3441962
2023-12-10 09:41:37.154  INFO 17504 --- [main] o.a.kafka.common.utils.AppInfoParser     : Kafka startTimeMs: 1702197697154
2023-12-10 09:41:37.156  INFO 17504 --- [main] o.a.k.clients.consumer.KafkaConsumer     : [Consumer clientId=consumer-group-2-4, groupId=group-2] Subscribed to topic(s): property.deleted
2023-12-10 09:41:37.175  INFO 17504 --- [main] o.s.b.w.embedded.tomcat.TomcatWebServer  : Tomcat started on port(s): 18082 (http) with context path ''
2023-12-10 09:41:37.194  INFO 17504 --- [main] e.u.e.c.CommunicationApplication         : Started CommunicationApplication in 8.315 seconds (JVM running for 10.198)
2023-12-10 09:41:38.075  INFO 17504 --- [org.springframework.kafka.KafkaListenerEndpointContainer#1-0-C-1] org.apache.kafka.clients.Metadata        : [Consumer clientId=consumer-group-2-4, groupId=group-2] Cluster ID: 5hHOxfIeTTqJmXHyivfT_g
2023-12-10 09:41:38.075  INFO 17504 --- [org.springframework.kafka.KafkaListenerEndpointContainer#2-0-C-1] org.apache.kafka.clients.Metadata        : [Consumer clientId=consumer-group-2-1, groupId=group-2] Cluster ID: 5hHOxfIeTTqJmXHyivfT_g
2023-12-10 09:41:38.075  INFO 17504 --- [org.springframework.kafka.KafkaListenerEndpointContainer#0-0-C-1] org.apache.kafka.clients.Metadata        : [Consumer clientId=consumer-group-2-3, groupId=group-2] Cluster ID: 5hHOxfIeTTqJmXHyivfT_g
2023-12-10 09:41:38.078  INFO 17504 --- [org.springframework.kafka.KafkaListenerEndpointContainer#2-0-C-1] o.a.k.c.c.internals.ConsumerCoordinator  : [Consumer clientId=consumer-group-2-1, groupId=group-2] Discovered group coordinator localhost:19092 (id: 2147483646 rack: null)
2023-12-10 09:41:38.078  INFO 17504 --- [org.springframework.kafka.KafkaListenerEndpointContainer#1-0-C-1] o.a.k.c.c.internals.ConsumerCoordinator  : [Consumer clientId=consumer-group-2-4, groupId=group-2] Discovered group coordinator localhost:19092 (id: 2147483646 rack: null)
2023-12-10 09:41:38.078  INFO 17504 --- [org.springframework.kafka.KafkaListenerEndpointContainer#0-0-C-1] o.a.k.c.c.internals.ConsumerCoordinator  : [Consumer clientId=consumer-group-2-3, groupId=group-2] Discovered group coordinator localhost:19092 (id: 2147483646 rack: null)
2023-12-10 09:41:38.082  INFO 17504 --- [org.springframework.kafka.KafkaListenerEndpointContainer#1-0-C-1] o.a.k.c.c.internals.ConsumerCoordinator  : [Consumer clientId=consumer-group-2-4, groupId=group-2] (Re-)joining group
2023-12-10 09:41:38.082  INFO 17504 --- [org.springframework.kafka.KafkaListenerEndpointContainer#0-0-C-1] o.a.k.c.c.internals.ConsumerCoordinator  : [Consumer clientId=consumer-group-2-3, groupId=group-2] (Re-)joining group
2023-12-10 09:41:38.082  INFO 17504 --- [org.springframework.kafka.KafkaListenerEndpointContainer#2-0-C-1] o.a.k.c.c.internals.ConsumerCoordinator  : [Consumer clientId=consumer-group-2-1, groupId=group-2] (Re-)joining group
2023-12-10 09:41:38.195  INFO 17504 --- [org.springframework.kafka.KafkaListenerEndpointContainer#0-0-C-1] o.a.k.c.c.internals.ConsumerCoordinator  : [Consumer clientId=consumer-group-2-3, groupId=group-2] Request joining group due to: need to re-join with the given member-id
2023-12-10 09:41:38.196  INFO 17504 --- [org.springframework.kafka.KafkaListenerEndpointContainer#0-0-C-1] o.a.k.c.c.internals.ConsumerCoordinator  : [Consumer clientId=consumer-group-2-3, groupId=group-2] (Re-)joining group
2023-12-10 09:41:38.196  INFO 17504 --- [org.springframework.kafka.KafkaListenerEndpointContainer#2-0-C-1] o.a.k.c.c.internals.ConsumerCoordinator  : [Consumer clientId=consumer-group-2-1, groupId=group-2] Request joining group due to: need to re-join with the given member-id
2023-12-10 09:41:38.196  INFO 17504 --- [org.springframework.kafka.KafkaListenerEndpointContainer#2-0-C-1] o.a.k.c.c.internals.ConsumerCoordinator  : [Consumer clientId=consumer-group-2-1, groupId=group-2] (Re-)joining group
2023-12-10 09:41:38.333  INFO 17504 --- [org.springframework.kafka.KafkaListenerEndpointContainer#1-0-C-1] o.a.k.c.c.internals.ConsumerCoordinator  : [Consumer clientId=consumer-group-2-4, groupId=group-2] Request joining group due to: need to re-join with the given member-id
2023-12-10 09:41:38.334  INFO 17504 --- [org.springframework.kafka.KafkaListenerEndpointContainer#1-0-C-1] o.a.k.c.c.internals.ConsumerCoordinator  : [Consumer clientId=consumer-group-2-4, groupId=group-2] (Re-)joining group
2023-12-10 09:41:38.335  INFO 17504 --- [org.springframework.kafka.KafkaListenerEndpointContainer#3-0-C-1] org.apache.kafka.clients.Metadata        : [Consumer clientId=consumer-group-1-2, groupId=group-1] Cluster ID: 5hHOxfIeTTqJmXHyivfT_g
2023-12-10 09:41:38.336  INFO 17504 --- [org.springframework.kafka.KafkaListenerEndpointContainer#3-0-C-1] o.a.k.c.c.internals.ConsumerCoordinator  : [Consumer clientId=consumer-group-1-2, groupId=group-1] Discovered group coordinator localhost:19092 (id: 2147483646 rack: null)
2023-12-10 09:41:38.337  INFO 17504 --- [org.springframework.kafka.KafkaListenerEndpointContainer#3-0-C-1] o.a.k.c.c.internals.ConsumerCoordinator  : [Consumer clientId=consumer-group-1-2, groupId=group-1] (Re-)joining group
2023-12-10 09:41:38.366  INFO 17504 --- [org.springframework.kafka.KafkaListenerEndpointContainer#3-0-C-1] o.a.k.c.c.internals.ConsumerCoordinator  : [Consumer clientId=consumer-group-1-2, groupId=group-1] Request joining group due to: need to re-join with the given member-id
2023-12-10 09:41:38.367  INFO 17504 --- [org.springframework.kafka.KafkaListenerEndpointContainer#3-0-C-1] o.a.k.c.c.internals.ConsumerCoordinator  : [Consumer clientId=consumer-group-1-2, groupId=group-1] (Re-)joining group
2023-12-10 09:41:41.229  INFO 17504 --- [org.springframework.kafka.KafkaListenerEndpointContainer#2-0-C-1] o.a.k.c.c.internals.ConsumerCoordinator  : [Consumer clientId=consumer-group-2-1, groupId=group-2] Successfully joined group with generation Generation{generationId=65, memberId='consumer-group-2-1-59b7310c-f8b2-41ee-8a8a-d307f97996f1', protocol='range'}
2023-12-10 09:41:41.229  INFO 17504 --- [org.springframework.kafka.KafkaListenerEndpointContainer#0-0-C-1] o.a.k.c.c.internals.ConsumerCoordinator  : [Consumer clientId=consumer-group-2-3, groupId=group-2] Successfully joined group with generation Generation{generationId=65, memberId='consumer-group-2-3-74fee4d9-dc03-43fb-93fb-b18663617489', protocol='range'}
2023-12-10 09:41:41.229  INFO 17504 --- [org.springframework.kafka.KafkaListenerEndpointContainer#1-0-C-1] o.a.k.c.c.internals.ConsumerCoordinator  : [Consumer clientId=consumer-group-2-4, groupId=group-2] Successfully joined group with generation Generation{generationId=65, memberId='consumer-group-2-4-7c905c41-f7f3-4d93-94bc-eed40309895b', protocol='range'}
2023-12-10 09:41:41.258  INFO 17504 --- [org.springframework.kafka.KafkaListenerEndpointContainer#0-0-C-1] o.a.k.c.c.internals.ConsumerCoordinator  : [Consumer clientId=consumer-group-2-3, groupId=group-2] Finished assignment for group at generation 65: {consumer-group-2-1-59b7310c-f8b2-41ee-8a8a-d307f97996f1=Assignment(partitions=[property.validated-0]), consumer-group-2-3-74fee4d9-dc03-43fb-93fb-b18663617489=Assignment(partitions=[property.change-0]), consumer-group-2-4-7c905c41-f7f3-4d93-94bc-eed40309895b=Assignment(partitions=[property.deleted-0])}
2023-12-10 09:41:41.278  INFO 17504 --- [org.springframework.kafka.KafkaListenerEndpointContainer#1-0-C-1] o.a.k.c.c.internals.ConsumerCoordinator  : [Consumer clientId=consumer-group-2-4, groupId=group-2] Successfully synced group in generation Generation{generationId=65, memberId='consumer-group-2-4-7c905c41-f7f3-4d93-94bc-eed40309895b', protocol='range'}
2023-12-10 09:41:41.278  INFO 17504 --- [org.springframework.kafka.KafkaListenerEndpointContainer#0-0-C-1] o.a.k.c.c.internals.ConsumerCoordinator  : [Consumer clientId=consumer-group-2-3, groupId=group-2] Successfully synced group in generation Generation{generationId=65, memberId='consumer-group-2-3-74fee4d9-dc03-43fb-93fb-b18663617489', protocol='range'}
2023-12-10 09:41:41.278  INFO 17504 --- [org.springframework.kafka.KafkaListenerEndpointContainer#2-0-C-1] o.a.k.c.c.internals.ConsumerCoordinator  : [Consumer clientId=consumer-group-2-1, groupId=group-2] Successfully synced group in generation Generation{generationId=65, memberId='consumer-group-2-1-59b7310c-f8b2-41ee-8a8a-d307f97996f1', protocol='range'}
2023-12-10 09:41:41.278  INFO 17504 --- [org.springframework.kafka.KafkaListenerEndpointContainer#1-0-C-1] o.a.k.c.c.internals.ConsumerCoordinator  : [Consumer clientId=consumer-group-2-4, groupId=group-2] Notifying assignor about the new Assignment(partitions=[property.deleted-0])
2023-12-10 09:41:41.278  INFO 17504 --- [org.springframework.kafka.KafkaListenerEndpointContainer#0-0-C-1] o.a.k.c.c.internals.ConsumerCoordinator  : [Consumer clientId=consumer-group-2-3, groupId=group-2] Notifying assignor about the new Assignment(partitions=[property.change-0])
2023-12-10 09:41:41.278  INFO 17504 --- [org.springframework.kafka.KafkaListenerEndpointContainer#2-0-C-1] o.a.k.c.c.internals.ConsumerCoordinator  : [Consumer clientId=consumer-group-2-1, groupId=group-2] Notifying assignor about the new Assignment(partitions=[property.validated-0])
2023-12-10 09:41:41.283  INFO 17504 --- [org.springframework.kafka.KafkaListenerEndpointContainer#1-0-C-1] o.a.k.c.c.internals.ConsumerCoordinator  : [Consumer clientId=consumer-group-2-4, groupId=group-2] Adding newly assigned partitions: property.deleted-0
2023-12-10 09:41:41.283  INFO 17504 --- [org.springframework.kafka.KafkaListenerEndpointContainer#0-0-C-1] o.a.k.c.c.internals.ConsumerCoordinator  : [Consumer clientId=consumer-group-2-3, groupId=group-2] Adding newly assigned partitions: property.change-0
2023-12-10 09:41:41.283  INFO 17504 --- [org.springframework.kafka.KafkaListenerEndpointContainer#2-0-C-1] o.a.k.c.c.internals.ConsumerCoordinator  : [Consumer clientId=consumer-group-2-1, groupId=group-2] Adding newly assigned partitions: property.validated-0
2023-12-10 09:41:41.309  INFO 17504 --- [org.springframework.kafka.KafkaListenerEndpointContainer#0-0-C-1] o.a.k.c.c.internals.ConsumerCoordinator  : [Consumer clientId=consumer-group-2-3, groupId=group-2] Setting offset for partition property.change-0 to the committed offset FetchPosition{offset=0, offsetEpoch=Optional.empty, currentLeader=LeaderAndEpoch{leader=Optional[localhost:19092 (id: 1 rack: null)], epoch=0}}
2023-12-10 09:41:41.309  INFO 17504 --- [org.springframework.kafka.KafkaListenerEndpointContainer#2-0-C-1] o.a.k.c.c.internals.ConsumerCoordinator  : [Consumer clientId=consumer-group-2-1, groupId=group-2] Setting offset for partition property.validated-0 to the committed offset FetchPosition{offset=10, offsetEpoch=Optional.empty, currentLeader=LeaderAndEpoch{leader=Optional[localhost:19092 (id: 1 rack: null)], epoch=0}}
2023-12-10 09:41:41.309  INFO 17504 --- [org.springframework.kafka.KafkaListenerEndpointContainer#1-0-C-1] o.a.k.c.c.internals.ConsumerCoordinator  : [Consumer clientId=consumer-group-2-4, groupId=group-2] Setting offset for partition property.deleted-0 to the committed offset FetchPosition{offset=1, offsetEpoch=Optional.empty, currentLeader=LeaderAndEpoch{leader=Optional[localhost:19092 (id: 1 rack: null)], epoch=0}}
2023-12-10 09:41:41.310  INFO 17504 --- [org.springframework.kafka.KafkaListenerEndpointContainer#0-0-C-1] o.s.k.l.KafkaMessageListenerContainer    : group-2: partitions assigned: [property.change-0]
2023-12-10 09:41:41.310  INFO 17504 --- [org.springframework.kafka.KafkaListenerEndpointContainer#1-0-C-1] o.s.k.l.KafkaMessageListenerContainer    : group-2: partitions assigned: [property.deleted-0]
2023-12-10 09:41:41.310  INFO 17504 --- [org.springframework.kafka.KafkaListenerEndpointContainer#2-0-C-1] o.s.k.l.KafkaMessageListenerContainer    : group-2: partitions assigned: [property.validated-0]
2023-12-10 09:41:41.381  INFO 17504 --- [org.springframework.kafka.KafkaListenerEndpointContainer#3-0-C-1] o.a.k.c.c.internals.ConsumerCoordinator  : [Consumer clientId=consumer-group-1-2, groupId=group-1] Successfully joined group with generation Generation{generationId=382, memberId='consumer-group-1-2-96798a6c-e37f-423c-9c8d-965a1a380745', protocol='range'}
2023-12-10 09:41:41.381  INFO 17504 --- [org.springframework.kafka.KafkaListenerEndpointContainer#3-0-C-1] o.a.k.c.c.internals.ConsumerCoordinator  : [Consumer clientId=consumer-group-1-2, groupId=group-1] Finished assignment for group at generation 382: {consumer-group-1-2-96798a6c-e37f-423c-9c8d-965a1a380745=Assignment(partitions=[users.add-0])}
2023-12-10 09:41:41.389  INFO 17504 --- [org.springframework.kafka.KafkaListenerEndpointContainer#3-0-C-1] o.a.k.c.c.internals.ConsumerCoordinator  : [Consumer clientId=consumer-group-1-2, groupId=group-1] Successfully synced group in generation Generation{generationId=382, memberId='consumer-group-1-2-96798a6c-e37f-423c-9c8d-965a1a380745', protocol='range'}
2023-12-10 09:41:41.389  INFO 17504 --- [org.springframework.kafka.KafkaListenerEndpointContainer#3-0-C-1] o.a.k.c.c.internals.ConsumerCoordinator  : [Consumer clientId=consumer-group-1-2, groupId=group-1] Notifying assignor about the new Assignment(partitions=[users.add-0])
2023-12-10 09:41:41.389  INFO 17504 --- [org.springframework.kafka.KafkaListenerEndpointContainer#3-0-C-1] o.a.k.c.c.internals.ConsumerCoordinator  : [Consumer clientId=consumer-group-1-2, groupId=group-1] Adding newly assigned partitions: users.add-0
2023-12-10 09:41:41.396  INFO 17504 --- [org.springframework.kafka.KafkaListenerEndpointContainer#3-0-C-1] o.a.k.c.c.internals.ConsumerCoordinator  : [Consumer clientId=consumer-group-1-2, groupId=group-1] Setting offset for partition users.add-0 to the committed offset FetchPosition{offset=21, offsetEpoch=Optional.empty, currentLeader=LeaderAndEpoch{leader=Optional[localhost:19092 (id: 1 rack: null)], epoch=0}}
2023-12-10 09:41:41.396  INFO 17504 --- [org.springframework.kafka.KafkaListenerEndpointContainer#3-0-C-1] o.s.k.l.KafkaMessageListenerContainer    : group-1: partitions assigned: [users.add-0]
2023-12-10 10:16:09.205  INFO 17504 --- [http-nio-18082-exec-1] o.a.c.c.C.[Tomcat].[localhost].[/]       : Initializing Spring DispatcherServlet 'dispatcherServlet'
2023-12-10 10:16:09.217  INFO 17504 --- [http-nio-18082-exec-1] o.s.web.servlet.DispatcherServlet        : Initializing Servlet 'dispatcherServlet'
2023-12-10 10:16:09.392  INFO 17504 --- [http-nio-18082-exec-1] o.s.web.servlet.DispatcherServlet        : Completed initialization in 175 ms
2023-12-10 10:16:10.679  INFO 17504 --- [http-nio-18082-exec-2] o.springdoc.api.AbstractOpenApiResource  : Init duration for springdoc-openapi is: 697 ms
2023-12-10 10:22:22.422  INFO 17504 --- [org.springframework.kafka.KafkaListenerEndpointContainer#2-0-C-1] o.a.k.c.c.internals.ConsumerCoordinator  : [Consumer clientId=consumer-group-2-1, groupId=group-2] Revoke previously assigned partitions property.validated-0
2023-12-10 10:22:22.422  INFO 17504 --- [org.springframework.kafka.KafkaListenerEndpointContainer#3-0-C-1] o.a.k.c.c.internals.ConsumerCoordinator  : [Consumer clientId=consumer-group-1-2, groupId=group-1] Revoke previously assigned partitions users.add-0
2023-12-10 10:22:22.422  INFO 17504 --- [org.springframework.kafka.KafkaListenerEndpointContainer#0-0-C-1] o.a.k.c.c.internals.ConsumerCoordinator  : [Consumer clientId=consumer-group-2-3, groupId=group-2] Revoke previously assigned partitions property.change-0
2023-12-10 10:22:22.422  INFO 17504 --- [org.springframework.kafka.KafkaListenerEndpointContainer#1-0-C-1] o.a.k.c.c.internals.ConsumerCoordinator  : [Consumer clientId=consumer-group-2-4, groupId=group-2] Revoke previously assigned partitions property.deleted-0
2023-12-10 10:22:22.435  INFO 17504 --- [org.springframework.kafka.KafkaListenerEndpointContainer#1-0-C-1] o.s.k.l.KafkaMessageListenerContainer    : group-2: partitions revoked: [property.deleted-0]
2023-12-10 10:22:22.435  INFO 17504 --- [org.springframework.kafka.KafkaListenerEndpointContainer#0-0-C-1] o.s.k.l.KafkaMessageListenerContainer    : group-2: partitions revoked: [property.change-0]
2023-12-10 10:22:22.436  INFO 17504 --- [org.springframework.kafka.KafkaListenerEndpointContainer#2-0-C-1] o.s.k.l.KafkaMessageListenerContainer    : group-2: partitions revoked: [property.validated-0]
2023-12-10 10:22:22.435  INFO 17504 --- [org.springframework.kafka.KafkaListenerEndpointContainer#3-0-C-1] o.s.k.l.KafkaMessageListenerContainer    : group-1: partitions revoked: [users.add-0]
2023-12-10 10:22:22.439  INFO 17504 --- [org.springframework.kafka.KafkaListenerEndpointContainer#0-0-C-1] o.a.k.c.c.internals.ConsumerCoordinator  : [Consumer clientId=consumer-group-2-3, groupId=group-2] Member consumer-group-2-3-74fee4d9-dc03-43fb-93fb-b18663617489 sending LeaveGroup request to coordinator localhost:19092 (id: 2147483646 rack: null) due to the consumer unsubscribed from all topics
2023-12-10 10:22:22.439  INFO 17504 --- [org.springframework.kafka.KafkaListenerEndpointContainer#2-0-C-1] o.a.k.c.c.internals.ConsumerCoordinator  : [Consumer clientId=consumer-group-2-1, groupId=group-2] Member consumer-group-2-1-59b7310c-f8b2-41ee-8a8a-d307f97996f1 sending LeaveGroup request to coordinator localhost:19092 (id: 2147483646 rack: null) due to the consumer unsubscribed from all topics
2023-12-10 10:22:22.440  INFO 17504 --- [org.springframework.kafka.KafkaListenerEndpointContainer#1-0-C-1] o.a.k.c.c.internals.ConsumerCoordinator  : [Consumer clientId=consumer-group-2-4, groupId=group-2] Member consumer-group-2-4-7c905c41-f7f3-4d93-94bc-eed40309895b sending LeaveGroup request to coordinator localhost:19092 (id: 2147483646 rack: null) due to the consumer unsubscribed from all topics
2023-12-10 10:22:22.440  INFO 17504 --- [org.springframework.kafka.KafkaListenerEndpointContainer#3-0-C-1] o.a.k.c.c.internals.ConsumerCoordinator  : [Consumer clientId=consumer-group-1-2, groupId=group-1] Member consumer-group-1-2-96798a6c-e37f-423c-9c8d-965a1a380745 sending LeaveGroup request to coordinator localhost:19092 (id: 2147483646 rack: null) due to the consumer unsubscribed from all topics
2023-12-10 10:22:22.457  INFO 17504 --- [org.springframework.kafka.KafkaListenerEndpointContainer#0-0-C-1] o.a.k.c.c.internals.ConsumerCoordinator  : [Consumer clientId=consumer-group-2-3, groupId=group-2] Resetting generation due to: consumer pro-actively leaving the group
2023-12-10 10:22:22.459  INFO 17504 --- [org.springframework.kafka.KafkaListenerEndpointContainer#0-0-C-1] o.a.k.c.c.internals.ConsumerCoordinator  : [Consumer clientId=consumer-group-2-3, groupId=group-2] Request joining group due to: consumer pro-actively leaving the group
2023-12-10 10:22:22.459  INFO 17504 --- [org.springframework.kafka.KafkaListenerEndpointContainer#0-0-C-1] o.a.k.clients.consumer.KafkaConsumer     : [Consumer clientId=consumer-group-2-3, groupId=group-2] Unsubscribed all topics or patterns and assigned partitions
2023-12-10 10:22:22.460  INFO 17504 --- [org.springframework.kafka.KafkaListenerEndpointContainer#2-0-C-1] o.a.k.c.c.internals.ConsumerCoordinator  : [Consumer clientId=consumer-group-2-1, groupId=group-2] Resetting generation due to: consumer pro-actively leaving the group
2023-12-10 10:22:22.460  INFO 17504 --- [org.springframework.kafka.KafkaListenerEndpointContainer#2-0-C-1] o.a.k.c.c.internals.ConsumerCoordinator  : [Consumer clientId=consumer-group-2-1, groupId=group-2] Request joining group due to: consumer pro-actively leaving the group
2023-12-10 10:22:22.461  INFO 17504 --- [org.springframework.kafka.KafkaListenerEndpointContainer#2-0-C-1] o.a.k.clients.consumer.KafkaConsumer     : [Consumer clientId=consumer-group-2-1, groupId=group-2] Unsubscribed all topics or patterns and assigned partitions
2023-12-10 10:22:22.461  INFO 17504 --- [org.springframework.kafka.KafkaListenerEndpointContainer#1-0-C-1] o.a.k.c.c.internals.ConsumerCoordinator  : [Consumer clientId=consumer-group-2-4, groupId=group-2] Resetting generation due to: consumer pro-actively leaving the group
2023-12-10 10:22:22.462  INFO 17504 --- [org.springframework.kafka.KafkaListenerEndpointContainer#1-0-C-1] o.a.k.c.c.internals.ConsumerCoordinator  : [Consumer clientId=consumer-group-2-4, groupId=group-2] Request joining group due to: consumer pro-actively leaving the group
2023-12-10 10:22:22.462  INFO 17504 --- [org.springframework.kafka.KafkaListenerEndpointContainer#1-0-C-1] o.a.k.clients.consumer.KafkaConsumer     : [Consumer clientId=consumer-group-2-4, groupId=group-2] Unsubscribed all topics or patterns and assigned partitions
2023-12-10 10:22:22.468  INFO 17504 --- [org.springframework.kafka.KafkaListenerEndpointContainer#3-0-C-1] o.a.k.c.c.internals.ConsumerCoordinator  : [Consumer clientId=consumer-group-1-2, groupId=group-1] Resetting generation due to: consumer pro-actively leaving the group
2023-12-10 10:22:22.468  INFO 17504 --- [org.springframework.kafka.KafkaListenerEndpointContainer#1-0-C-1] o.a.k.c.c.internals.ConsumerCoordinator  : [Consumer clientId=consumer-group-2-4, groupId=group-2] Resetting generation due to: consumer pro-actively leaving the group
2023-12-10 10:22:22.467  INFO 17504 --- [org.springframework.kafka.KafkaListenerEndpointContainer#0-0-C-1] o.a.k.c.c.internals.ConsumerCoordinator  : [Consumer clientId=consumer-group-2-3, groupId=group-2] Resetting generation due to: consumer pro-actively leaving the group
2023-12-10 10:22:22.469  INFO 17504 --- [org.springframework.kafka.KafkaListenerEndpointContainer#3-0-C-1] o.a.k.c.c.internals.ConsumerCoordinator  : [Consumer clientId=consumer-group-1-2, groupId=group-1] Request joining group due to: consumer pro-actively leaving the group
2023-12-10 10:22:22.470  INFO 17504 --- [org.springframework.kafka.KafkaListenerEndpointContainer#1-0-C-1] o.a.k.c.c.internals.ConsumerCoordinator  : [Consumer clientId=consumer-group-2-4, groupId=group-2] Request joining group due to: consumer pro-actively leaving the group
2023-12-10 10:22:22.470  INFO 17504 --- [org.springframework.kafka.KafkaListenerEndpointContainer#0-0-C-1] o.a.k.c.c.internals.ConsumerCoordinator  : [Consumer clientId=consumer-group-2-3, groupId=group-2] Request joining group due to: consumer pro-actively leaving the group
2023-12-10 10:22:22.470  INFO 17504 --- [org.springframework.kafka.KafkaListenerEndpointContainer#3-0-C-1] o.a.k.clients.consumer.KafkaConsumer     : [Consumer clientId=consumer-group-1-2, groupId=group-1] Unsubscribed all topics or patterns and assigned partitions
2023-12-10 10:22:22.463  INFO 17504 --- [org.springframework.kafka.KafkaListenerEndpointContainer#2-0-C-1] o.a.k.c.c.internals.ConsumerCoordinator  : [Consumer clientId=consumer-group-2-1, groupId=group-2] Resetting generation due to: consumer pro-actively leaving the group
2023-12-10 10:22:22.471  INFO 17504 --- [org.springframework.kafka.KafkaListenerEndpointContainer#2-0-C-1] o.a.k.c.c.internals.ConsumerCoordinator  : [Consumer clientId=consumer-group-2-1, groupId=group-2] Request joining group due to: consumer pro-actively leaving the group
2023-12-10 10:22:22.471  INFO 17504 --- [org.springframework.kafka.KafkaListenerEndpointContainer#3-0-C-1] o.a.k.c.c.internals.ConsumerCoordinator  : [Consumer clientId=consumer-group-1-2, groupId=group-1] Resetting generation due to: consumer pro-actively leaving the group
2023-12-10 10:22:22.471  INFO 17504 --- [org.springframework.kafka.KafkaListenerEndpointContainer#3-0-C-1] o.a.k.c.c.internals.ConsumerCoordinator  : [Consumer clientId=consumer-group-1-2, groupId=group-1] Request joining group due to: consumer pro-actively leaving the group
2023-12-10 10:22:22.670  INFO 17504 --- [org.springframework.kafka.KafkaListenerEndpointContainer#1-0-C-1] org.apache.kafka.common.metrics.Metrics  : Metrics scheduler closed
2023-12-10 10:22:22.670  INFO 17504 --- [org.springframework.kafka.KafkaListenerEndpointContainer#1-0-C-1] org.apache.kafka.common.metrics.Metrics  : Closing reporter org.apache.kafka.common.metrics.JmxReporter
2023-12-10 10:22:22.671  INFO 17504 --- [org.springframework.kafka.KafkaListenerEndpointContainer#1-0-C-1] org.apache.kafka.common.metrics.Metrics  : Metrics reporters closed
2023-12-10 10:22:22.672  INFO 17504 --- [org.springframework.kafka.KafkaListenerEndpointContainer#2-0-C-1] org.apache.kafka.common.metrics.Metrics  : Metrics scheduler closed
2023-12-10 10:22:22.672  INFO 17504 --- [org.springframework.kafka.KafkaListenerEndpointContainer#2-0-C-1] org.apache.kafka.common.metrics.Metrics  : Closing reporter org.apache.kafka.common.metrics.JmxReporter
2023-12-10 10:22:22.672  INFO 17504 --- [org.springframework.kafka.KafkaListenerEndpointContainer#2-0-C-1] org.apache.kafka.common.metrics.Metrics  : Metrics reporters closed
2023-12-10 10:22:22.684  INFO 17504 --- [org.springframework.kafka.KafkaListenerEndpointContainer#2-0-C-1] o.a.kafka.common.utils.AppInfoParser     : App info kafka.consumer for consumer-group-2-1 unregistered
2023-12-10 10:22:22.685  INFO 17504 --- [org.springframework.kafka.KafkaListenerEndpointContainer#1-0-C-1] o.a.kafka.common.utils.AppInfoParser     : App info kafka.consumer for consumer-group-2-4 unregistered
2023-12-10 10:22:22.692  INFO 17504 --- [org.springframework.kafka.KafkaListenerEndpointContainer#2-0-C-1] o.s.k.l.KafkaMessageListenerContainer    : group-2: Consumer stopped
2023-12-10 10:22:22.692  INFO 17504 --- [org.springframework.kafka.KafkaListenerEndpointContainer#1-0-C-1] o.s.k.l.KafkaMessageListenerContainer    : group-2: Consumer stopped
2023-12-10 10:22:22.900  INFO 17504 --- [org.springframework.kafka.KafkaListenerEndpointContainer#0-0-C-1] org.apache.kafka.common.metrics.Metrics  : Metrics scheduler closed
2023-12-10 10:22:22.901  INFO 17504 --- [org.springframework.kafka.KafkaListenerEndpointContainer#0-0-C-1] org.apache.kafka.common.metrics.Metrics  : Closing reporter org.apache.kafka.common.metrics.JmxReporter
2023-12-10 10:22:22.901  INFO 17504 --- [org.springframework.kafka.KafkaListenerEndpointContainer#3-0-C-1] org.apache.kafka.common.metrics.Metrics  : Metrics scheduler closed
2023-12-10 10:22:22.901  INFO 17504 --- [org.springframework.kafka.KafkaListenerEndpointContainer#3-0-C-1] org.apache.kafka.common.metrics.Metrics  : Closing reporter org.apache.kafka.common.metrics.JmxReporter
2023-12-10 10:22:22.901  INFO 17504 --- [org.springframework.kafka.KafkaListenerEndpointContainer#0-0-C-1] org.apache.kafka.common.metrics.Metrics  : Metrics reporters closed
2023-12-10 10:22:22.903  INFO 17504 --- [org.springframework.kafka.KafkaListenerEndpointContainer#3-0-C-1] org.apache.kafka.common.metrics.Metrics  : Metrics reporters closed
2023-12-10 10:22:22.905  INFO 17504 --- [org.springframework.kafka.KafkaListenerEndpointContainer#0-0-C-1] o.a.kafka.common.utils.AppInfoParser     : App info kafka.consumer for consumer-group-2-3 unregistered
2023-12-10 10:22:22.905  INFO 17504 --- [org.springframework.kafka.KafkaListenerEndpointContainer#0-0-C-1] o.s.k.l.KafkaMessageListenerContainer    : group-2: Consumer stopped
2023-12-10 10:22:22.913  INFO 17504 --- [org.springframework.kafka.KafkaListenerEndpointContainer#3-0-C-1] o.a.kafka.common.utils.AppInfoParser     : App info kafka.consumer for consumer-group-1-2 unregistered
2023-12-10 10:22:22.915  INFO 17504 --- [org.springframework.kafka.KafkaListenerEndpointContainer#3-0-C-1] o.s.k.l.KafkaMessageListenerContainer    : group-1: Consumer stopped
2023-12-10 10:22:22.964  INFO 17504 --- [SpringApplicationShutdownHook] j.LocalContainerEntityManagerFactoryBean : Closing JPA EntityManagerFactory for persistence unit 'default'
2023-12-10 10:22:23.015  INFO 17504 --- [SpringApplicationShutdownHook] com.zaxxer.hikari.HikariDataSource       : HikariPool-1 - Shutdown initiated...
2023-12-10 10:22:23.028  INFO 17504 --- [SpringApplicationShutdownHook] com.zaxxer.hikari.HikariDataSource       : HikariPool-1 - Shutdown completed.
